2025-11-03 06:57:30 [main] INFO  Base_Class - config.properties file loaded!
2025-11-03 06:57:33 [main] INFO  Base_Class - ChromeDriver instance is created!!
2025-11-03 06:57:41 [main] INFO  Base_Class - WebDriver initialized and Borwser maximized!
2025-11-03 06:57:41 [main] TRACE Base_Class - This is a Trace message
2025-11-03 06:57:41 [main] DEBUG Base_Class - This is a Debug message
2025-11-03 06:57:41 [main] WARN  Base_Class - This is a Fatal message
2025-11-03 06:57:41 [main] INFO  ActionsClass - WebDriver instance is created!
2025-11-03 06:57:41 [main] INFO  Base_Class - Action driver instance is created!
2025-11-03 06:57:41 [main] INFO  ActionsClass - Value text :admin
2025-11-03 06:57:42 [main] INFO  ActionsClass - Value text :admin
2025-11-03 06:57:42 [main] INFO  ActionsClass - Clicked an element!
2025-11-03 06:57:44 [main] INFO  Base_Class - WebDriver instance is closed.
2025-11-05 07:44:21 [main] INFO  Base_Class - config.properties file loaded!
2025-11-05 07:44:28 [main] INFO  Base_Class - ChromeDriver instance is created!!
2025-11-05 07:44:37 [main] INFO  Base_Class - WebDriver initialized and Borwser maximized!
2025-11-05 07:44:37 [main] TRACE Base_Class - This is a Trace message
2025-11-05 07:44:37 [main] DEBUG Base_Class - This is a Debug message
2025-11-05 07:44:37 [main] WARN  Base_Class - This is a Fatal message
2025-11-05 07:44:37 [main] INFO  ActionsClass - WebDriver instance is created!
2025-11-05 07:44:37 [main] INFO  Base_Class - Action driver instance is created!
2025-11-05 07:44:38 [main] INFO  Base_Class - WebDriver instance is closed.
2025-11-05 07:44:39 [main] INFO  Base_Class - ChromeDriver instance is created!!
2025-11-05 07:44:48 [main] INFO  Base_Class - WebDriver initialized and Borwser maximized!
2025-11-05 07:44:48 [main] TRACE Base_Class - This is a Trace message
2025-11-05 07:44:48 [main] DEBUG Base_Class - This is a Debug message
2025-11-05 07:44:48 [main] WARN  Base_Class - This is a Fatal message
2025-11-05 07:44:48 [main] INFO  ActionsClass - WebDriver instance is created!
2025-11-05 07:44:48 [main] INFO  Base_Class - Action driver instance is created!
2025-11-05 07:44:49 [main] INFO  Base_Class - WebDriver instance is closed.
2025-11-05 07:44:50 [main] INFO  Base_Class - ChromeDriver instance is created!!
2025-11-05 07:44:59 [main] INFO  Base_Class - WebDriver initialized and Borwser maximized!
2025-11-05 07:44:59 [main] TRACE Base_Class - This is a Trace message
2025-11-05 07:44:59 [main] DEBUG Base_Class - This is a Debug message
2025-11-05 07:44:59 [main] WARN  Base_Class - This is a Fatal message
2025-11-05 07:44:59 [main] INFO  ActionsClass - WebDriver instance is created!
2025-11-05 07:44:59 [main] INFO  Base_Class - Action driver instance is created!
2025-11-05 07:44:59 [main] INFO  ActionsClass - Enter text on :Element with text: Admin
2025-11-05 07:45:00 [main] INFO  ActionsClass - Enter text on :Element with text: admin123
2025-11-05 07:45:00 [main] INFO  ActionsClass - Clicked an element-->Unable to describe the element
2025-11-05 07:45:02 [main] INFO  ActionsClass - Element is displayed: Unable to describe the element
2025-11-05 07:45:46 [main] INFO  Base_Class - WebDriver instance is closed.
2025-11-05 07:45:48 [main] INFO  Base_Class - ChromeDriver instance is created!!
2025-11-05 07:45:56 [main] INFO  Base_Class - WebDriver initialized and Borwser maximized!
2025-11-05 07:45:56 [main] TRACE Base_Class - This is a Trace message
2025-11-05 07:45:56 [main] DEBUG Base_Class - This is a Debug message
2025-11-05 07:45:56 [main] WARN  Base_Class - This is a Fatal message
2025-11-05 07:45:56 [main] INFO  ActionsClass - WebDriver instance is created!
2025-11-05 07:45:56 [main] INFO  Base_Class - Action driver instance is created!
2025-11-05 07:45:56 [main] INFO  ActionsClass - Enter text on :Element with text: admin
2025-11-05 07:45:57 [main] INFO  ActionsClass - Enter text on :Element with text: admin
2025-11-05 07:45:58 [main] INFO  ActionsClass - Clicked an element-->Unable to describe the element
2025-11-05 07:46:01 [main] INFO  Base_Class - WebDriver instance is closed.
2025-11-05 07:46:03 [main] INFO  Base_Class - ChromeDriver instance is created!!
2025-11-05 07:46:11 [main] INFO  Base_Class - WebDriver initialized and Borwser maximized!
2025-11-05 07:46:11 [main] TRACE Base_Class - This is a Trace message
2025-11-05 07:46:11 [main] DEBUG Base_Class - This is a Debug message
2025-11-05 07:46:11 [main] WARN  Base_Class - This is a Fatal message
2025-11-05 07:46:11 [main] INFO  ActionsClass - WebDriver instance is created!
2025-11-05 07:46:11 [main] INFO  Base_Class - Action driver instance is created!
2025-11-05 07:46:11 [main] INFO  ActionsClass - Enter text on :Element with text: Admin
2025-11-05 07:46:12 [main] INFO  ActionsClass - Enter text on :Element with text: admin123
2025-11-05 07:46:12 [main] INFO  ActionsClass - Clicked an element-->Unable to describe the element
2025-11-05 07:46:14 [main] INFO  ActionsClass - Element is displayed: Element with text:
2025-11-05 07:46:14 [main] INFO  Base_Class - WebDriver instance is closed.
2025-11-06 06:12:42 [main] INFO  Base_Class - config.properties file loaded!
2025-11-06 06:12:51 [TestNG-test-HrManagementTest-2] INFO  Base_Class - ChromeDriver instance is created!!
2025-11-06 06:12:52 [TestNG-test-HrManagementTest-4] INFO  Base_Class - ChromeDriver instance is created!!
2025-11-06 06:12:52 [TestNG-test-HrManagementTest-3] INFO  Base_Class - ChromeDriver instance is created!!
2025-11-06 06:12:52 [TestNG-test-HrManagementTest-1] INFO  Base_Class - ChromeDriver instance is created!!
2025-11-06 06:13:01 [TestNG-test-HrManagementTest-2] INFO  Base_Class - WebDriver initialized and Borwser maximized!
2025-11-06 06:13:01 [TestNG-test-HrManagementTest-2] TRACE Base_Class - This is a Trace message
2025-11-06 06:13:01 [TestNG-test-HrManagementTest-2] DEBUG Base_Class - This is a Debug message
2025-11-06 06:13:01 [TestNG-test-HrManagementTest-2] WARN  Base_Class - This is a Fatal message
2025-11-06 06:13:01 [TestNG-test-HrManagementTest-2] INFO  ActionsClass - WebDriver instance is created!
2025-11-06 06:13:01 [TestNG-test-HrManagementTest-2] INFO  Base_Class - Action driver instance is created!30
2025-11-06 06:13:01 [TestNG-test-HrManagementTest-4] INFO  Base_Class - WebDriver initialized and Borwser maximized!
2025-11-06 06:13:01 [TestNG-test-HrManagementTest-4] TRACE Base_Class - This is a Trace message
2025-11-06 06:13:01 [TestNG-test-HrManagementTest-4] DEBUG Base_Class - This is a Debug message
2025-11-06 06:13:01 [TestNG-test-HrManagementTest-4] WARN  Base_Class - This is a Fatal message
2025-11-06 06:13:02 [TestNG-test-HrManagementTest-1] INFO  Base_Class - WebDriver initialized and Borwser maximized!
2025-11-06 06:13:02 [TestNG-test-HrManagementTest-1] TRACE Base_Class - This is a Trace message
2025-11-06 06:13:02 [TestNG-test-HrManagementTest-1] DEBUG Base_Class - This is a Debug message
2025-11-06 06:13:02 [TestNG-test-HrManagementTest-1] WARN  Base_Class - This is a Fatal message
2025-11-06 06:13:03 [TestNG-test-HrManagementTest-3] INFO  Base_Class - WebDriver initialized and Borwser maximized!
2025-11-06 06:13:03 [TestNG-test-HrManagementTest-3] TRACE Base_Class - This is a Trace message
2025-11-06 06:13:03 [TestNG-test-HrManagementTest-3] DEBUG Base_Class - This is a Debug message
2025-11-06 06:13:03 [TestNG-test-HrManagementTest-3] WARN  Base_Class - This is a Fatal message
2025-11-06 06:13:09 [TestNG-test-HrManagementTest-3] INFO  Base_Class - WebDriver instance is closed.
2025-11-06 06:13:09 [TestNG-test-HrManagementTest-4] INFO  Base_Class - WebDriver instance is closed.
2025-11-06 06:13:09 [TestNG-test-HrManagementTest-1] INFO  Base_Class - WebDriver instance is closed.
2025-11-06 06:13:09 [TestNG-test-HrManagementTest-2] INFO  Base_Class - WebDriver instance is closed.
2025-11-06 06:13:12 [TestNG-test-HrManagementTest-4] INFO  Base_Class - ChromeDriver instance is created!!
2025-11-06 06:13:21 [TestNG-test-HrManagementTest-4] INFO  Base_Class - WebDriver initialized and Borwser maximized!
2025-11-06 06:13:21 [TestNG-test-HrManagementTest-4] TRACE Base_Class - This is a Trace message
2025-11-06 06:13:21 [TestNG-test-HrManagementTest-4] DEBUG Base_Class - This is a Debug message
2025-11-06 06:13:21 [TestNG-test-HrManagementTest-4] WARN  Base_Class - This is a Fatal message
2025-11-06 06:13:21 [TestNG-test-HrManagementTest-4] INFO  ActionsClass - WebDriver instance is created!
2025-11-06 06:13:21 [TestNG-test-HrManagementTest-4] INFO  Base_Class - Action driver instance is created!32
2025-11-06 06:13:22 [TestNG-test-HrManagementTest-4] INFO  ActionsClass - Enter text on :Element with text: admin
2025-11-06 06:13:22 [TestNG-test-HrManagementTest-4] INFO  ActionsClass - Enter text on :Element with text: admin
2025-11-06 06:13:23 [TestNG-test-HrManagementTest-4] INFO  ActionsClass - Clicked an element-->Unable to describe the element
2025-11-06 06:13:24 [TestNG-test-HrManagementTest-4] INFO  Base_Class - WebDriver instance is closed.
2025-11-07 07:20:21 [main] INFO  Base_Class - config.properties file loaded!
2025-11-07 07:20:29 [TestNG-test-HrManagementTest-1] INFO  Base_Class - ChromeDriver instance is created!!
2025-11-07 07:20:29 [TestNG-test-HrManagementTest-4] INFO  Base_Class - ChromeDriver instance is created!!
2025-11-07 07:20:29 [TestNG-test-HrManagementTest-3] INFO  Base_Class - ChromeDriver instance is created!!
2025-11-07 07:20:29 [TestNG-test-HrManagementTest-2] INFO  Base_Class - ChromeDriver instance is created!!
2025-11-07 07:20:39 [TestNG-test-HrManagementTest-2] INFO  Base_Class - WebDriver initialized and Borwser maximized!
2025-11-07 07:20:39 [TestNG-test-HrManagementTest-2] TRACE Base_Class - This is a Trace message
2025-11-07 07:20:39 [TestNG-test-HrManagementTest-2] DEBUG Base_Class - This is a Debug message
2025-11-07 07:20:39 [TestNG-test-HrManagementTest-2] WARN  Base_Class - This is a Fatal message
2025-11-07 07:20:39 [TestNG-test-HrManagementTest-2] INFO  ActionsClass - WebDriver instance is created!
2025-11-07 07:20:39 [TestNG-test-HrManagementTest-2] INFO  Base_Class - ActionDriver initialized for thread: 30
2025-11-07 07:20:39 [TestNG-test-HrManagementTest-1] INFO  Base_Class - WebDriver initialized and Borwser maximized!
2025-11-07 07:20:39 [TestNG-test-HrManagementTest-1] TRACE Base_Class - This is a Trace message
2025-11-07 07:20:39 [TestNG-test-HrManagementTest-1] DEBUG Base_Class - This is a Debug message
2025-11-07 07:20:39 [TestNG-test-HrManagementTest-1] WARN  Base_Class - This is a Fatal message
2025-11-07 07:20:39 [TestNG-test-HrManagementTest-1] INFO  ActionsClass - WebDriver instance is created!
2025-11-07 07:20:39 [TestNG-test-HrManagementTest-1] INFO  Base_Class - ActionDriver initialized for thread: 29
2025-11-07 07:20:39 [TestNG-test-HrManagementTest-3] INFO  Base_Class - WebDriver initialized and Borwser maximized!
2025-11-07 07:20:39 [TestNG-test-HrManagementTest-3] TRACE Base_Class - This is a Trace message
2025-11-07 07:20:39 [TestNG-test-HrManagementTest-3] DEBUG Base_Class - This is a Debug message
2025-11-07 07:20:39 [TestNG-test-HrManagementTest-3] WARN  Base_Class - This is a Fatal message
2025-11-07 07:20:39 [TestNG-test-HrManagementTest-3] INFO  ActionsClass - WebDriver instance is created!
2025-11-07 07:20:39 [TestNG-test-HrManagementTest-3] INFO  Base_Class - ActionDriver initialized for thread: 31
2025-11-07 07:20:39 [TestNG-test-HrManagementTest-4] INFO  Base_Class - WebDriver initialized and Borwser maximized!
2025-11-07 07:20:39 [TestNG-test-HrManagementTest-4] TRACE Base_Class - This is a Trace message
2025-11-07 07:20:39 [TestNG-test-HrManagementTest-4] DEBUG Base_Class - This is a Debug message
2025-11-07 07:20:39 [TestNG-test-HrManagementTest-4] WARN  Base_Class - This is a Fatal message
2025-11-07 07:20:39 [TestNG-test-HrManagementTest-4] INFO  ActionsClass - WebDriver instance is created!
2025-11-07 07:20:39 [TestNG-test-HrManagementTest-4] INFO  Base_Class - ActionDriver initialized for thread: 32
2025-11-07 07:20:40 [TestNG-test-HrManagementTest-4] INFO  ActionsClass - Enter text on :Element with text: Admin
2025-11-07 07:20:40 [TestNG-test-HrManagementTest-3] INFO  ActionsClass - Enter text on :Element with text: Admin
2025-11-07 07:20:40 [TestNG-test-HrManagementTest-4] INFO  ActionsClass - Enter text on :Element with text: admin123
2025-11-07 07:20:40 [TestNG-test-HrManagementTest-3] INFO  ActionsClass - Enter text on :Element with text: admin123
2025-11-07 07:20:41 [TestNG-test-HrManagementTest-1] INFO  Base_Class - WebDriver instance is closed.
2025-11-07 07:20:41 [TestNG-test-HrManagementTest-2] INFO  Base_Class - WebDriver instance is closed.
2025-11-07 07:21:17 [TestNG-test-HrManagementTest-4] INFO  Base_Class - WebDriver instance is closed.
2025-11-07 07:21:17 [TestNG-test-HrManagementTest-3] INFO  Base_Class - WebDriver instance is closed.
2025-11-07 07:21:19 [TestNG-test-HrManagementTest-4] INFO  Base_Class - ChromeDriver instance is created!!
2025-11-07 07:21:28 [TestNG-test-HrManagementTest-4] INFO  Base_Class - WebDriver initialized and Borwser maximized!
2025-11-07 07:21:28 [TestNG-test-HrManagementTest-4] TRACE Base_Class - This is a Trace message
2025-11-07 07:21:28 [TestNG-test-HrManagementTest-4] DEBUG Base_Class - This is a Debug message
2025-11-07 07:21:28 [TestNG-test-HrManagementTest-4] WARN  Base_Class - This is a Fatal message
2025-11-07 07:21:28 [TestNG-test-HrManagementTest-4] INFO  ActionsClass - WebDriver instance is created!
2025-11-07 07:21:28 [TestNG-test-HrManagementTest-4] INFO  Base_Class - ActionDriver initialized for thread: 32
2025-11-07 07:21:28 [TestNG-test-HrManagementTest-4] INFO  ActionsClass - Enter text on :Element with text: admin
2025-11-07 07:21:28 [TestNG-test-HrManagementTest-4] INFO  ActionsClass - Enter text on :Element with text: admin
2025-11-07 07:22:05 [TestNG-test-HrManagementTest-4] INFO  Base_Class - WebDriver instance is closed.
2025-11-07 07:24:40 [main] INFO  Base_Class - config.properties file loaded!
2025-11-07 07:24:43 [main] INFO  Base_Class - ChromeDriver instance is created!!
2025-11-07 07:24:51 [main] INFO  Base_Class - WebDriver initialized and Borwser maximized!
2025-11-07 07:24:51 [main] TRACE Base_Class - This is a Trace message
2025-11-07 07:24:51 [main] DEBUG Base_Class - This is a Debug message
2025-11-07 07:24:51 [main] WARN  Base_Class - This is a Fatal message
2025-11-07 07:24:51 [main] INFO  ActionsClass - WebDriver instance is created!
2025-11-07 07:24:51 [main] INFO  Base_Class - ActionDriver initialized for thread: 1
2025-11-07 07:24:51 [main] INFO  ActionsClass - Enter text on :Element with text: Admin
2025-11-07 07:24:52 [main] INFO  ActionsClass - Enter text on :Element with text: admin123
2025-11-07 07:25:29 [main] INFO  Base_Class - WebDriver instance is closed.
2025-11-07 07:32:55 [main] INFO  Base_Class - config.properties file loaded!
2025-11-07 07:32:57 [main] INFO  Base_Class - ChromeDriver instance is created!!
2025-11-07 07:33:06 [main] INFO  Base_Class - WebDriver initialized and Borwser maximized!
2025-11-07 07:33:06 [main] TRACE Base_Class - This is a Trace message
2025-11-07 07:33:06 [main] DEBUG Base_Class - This is a Debug message
2025-11-07 07:33:06 [main] WARN  Base_Class - This is a Fatal message
2025-11-07 07:33:06 [main] INFO  ActionsClass - WebDriver instance is created!
2025-11-07 07:33:06 [main] INFO  Base_Class - ActionDriver initialized for thread: 1
2025-11-07 07:33:07 [main] INFO  ActionsClass - Enter text on :Element with text: admin
2025-11-07 07:33:07 [main] INFO  ActionsClass - Enter text on :Element with text: admin
2025-11-07 07:33:08 [main] INFO  ActionsClass - Clicked an element-->Unable to describe the element
2025-11-07 07:33:09 [main] INFO  Base_Class - WebDriver instance is closed.
2025-11-07 07:33:21 [main] INFO  Base_Class - config.properties file loaded!
2025-11-07 07:33:23 [main] INFO  Base_Class - ChromeDriver instance is created!!
2025-11-07 07:33:32 [main] INFO  Base_Class - WebDriver initialized and Borwser maximized!
2025-11-07 07:33:32 [main] TRACE Base_Class - This is a Trace message
2025-11-07 07:33:32 [main] DEBUG Base_Class - This is a Debug message
2025-11-07 07:33:32 [main] WARN  Base_Class - This is a Fatal message
2025-11-07 07:33:32 [main] INFO  ActionsClass - WebDriver instance is created!
2025-11-07 07:33:32 [main] INFO  Base_Class - ActionDriver initialized for thread: 1
2025-11-07 07:33:32 [main] INFO  ActionsClass - Enter text on :Element with text: Admin
2025-11-07 07:33:33 [main] INFO  ActionsClass - Enter text on :Element with text: admin123
2025-11-07 07:33:33 [main] INFO  ActionsClass - Clicked an element-->Unable to describe the element
2025-11-07 07:33:35 [main] INFO  ActionsClass - Element is displayed: Unable to describe the element
2025-11-07 07:34:19 [main] INFO  Base_Class - WebDriver instance is closed.
2025-11-07 07:34:57 [main] INFO  Base_Class - config.properties file loaded!
2025-11-07 07:35:03 [TestNG-test-HrManagementTest-2] INFO  Base_Class - ChromeDriver instance is created!!
2025-11-07 07:35:03 [TestNG-test-HrManagementTest-1] INFO  Base_Class - ChromeDriver instance is created!!
2025-11-07 07:35:03 [TestNG-test-HrManagementTest-3] INFO  Base_Class - ChromeDriver instance is created!!
2025-11-07 07:35:03 [TestNG-test-HrManagementTest-4] INFO  Base_Class - ChromeDriver instance is created!!
2025-11-07 07:35:13 [TestNG-test-HrManagementTest-1] INFO  Base_Class - WebDriver initialized and Borwser maximized!
2025-11-07 07:35:13 [TestNG-test-HrManagementTest-1] TRACE Base_Class - This is a Trace message
2025-11-07 07:35:13 [TestNG-test-HrManagementTest-1] DEBUG Base_Class - This is a Debug message
2025-11-07 07:35:13 [TestNG-test-HrManagementTest-1] WARN  Base_Class - This is a Fatal message
2025-11-07 07:35:13 [TestNG-test-HrManagementTest-1] INFO  ActionsClass - WebDriver instance is created!
2025-11-07 07:35:13 [TestNG-test-HrManagementTest-1] INFO  Base_Class - ActionDriver initialized for thread: 29
2025-11-07 07:35:13 [TestNG-test-HrManagementTest-1] INFO  Base_Class - WebDriver instance is closed.
2025-11-07 07:35:13 [TestNG-test-HrManagementTest-2] INFO  Base_Class - WebDriver initialized and Borwser maximized!
2025-11-07 07:35:13 [TestNG-test-HrManagementTest-2] TRACE Base_Class - This is a Trace message
2025-11-07 07:35:13 [TestNG-test-HrManagementTest-2] DEBUG Base_Class - This is a Debug message
2025-11-07 07:35:13 [TestNG-test-HrManagementTest-2] WARN  Base_Class - This is a Fatal message
2025-11-07 07:35:13 [TestNG-test-HrManagementTest-2] INFO  ActionsClass - WebDriver instance is created!
2025-11-07 07:35:13 [TestNG-test-HrManagementTest-2] INFO  Base_Class - ActionDriver initialized for thread: 30
2025-11-07 07:35:14 [TestNG-test-HrManagementTest-3] INFO  Base_Class - WebDriver initialized and Borwser maximized!
2025-11-07 07:35:14 [TestNG-test-HrManagementTest-3] TRACE Base_Class - This is a Trace message
2025-11-07 07:35:14 [TestNG-test-HrManagementTest-3] DEBUG Base_Class - This is a Debug message
2025-11-07 07:35:14 [TestNG-test-HrManagementTest-3] WARN  Base_Class - This is a Fatal message
2025-11-07 07:35:14 [TestNG-test-HrManagementTest-3] INFO  ActionsClass - WebDriver instance is created!
2025-11-07 07:35:14 [TestNG-test-HrManagementTest-3] INFO  Base_Class - ActionDriver initialized for thread: 31
2025-11-07 07:35:14 [TestNG-test-HrManagementTest-3] INFO  ActionsClass - Enter text on :Element with text: Admin
2025-11-07 07:35:15 [TestNG-test-HrManagementTest-3] INFO  ActionsClass - Enter text on :Element with text: admin123
2025-11-07 07:35:17 [TestNG-test-HrManagementTest-3] INFO  ActionsClass - Clicked an element-->Unable to describe the element
2025-11-07 07:35:18 [TestNG-test-HrManagementTest-3] INFO  ActionsClass - Element is displayed: Element with text:
2025-11-07 07:35:19 [TestNG-test-HrManagementTest-4] INFO  Base_Class - WebDriver initialized and Borwser maximized!
2025-11-07 07:35:19 [TestNG-test-HrManagementTest-4] TRACE Base_Class - This is a Trace message
2025-11-07 07:35:19 [TestNG-test-HrManagementTest-4] DEBUG Base_Class - This is a Debug message
2025-11-07 07:35:19 [TestNG-test-HrManagementTest-4] WARN  Base_Class - This is a Fatal message
2025-11-07 07:35:19 [TestNG-test-HrManagementTest-4] INFO  ActionsClass - WebDriver instance is created!
2025-11-07 07:35:19 [TestNG-test-HrManagementTest-4] INFO  Base_Class - ActionDriver initialized for thread: 32
2025-11-07 07:35:19 [TestNG-test-HrManagementTest-4] INFO  ActionsClass - Enter text on :Element with text: Admin
2025-11-07 07:35:19 [TestNG-test-HrManagementTest-4] INFO  ActionsClass - Enter text on :Element with text: admin123
2025-11-07 07:35:20 [TestNG-test-HrManagementTest-4] INFO  ActionsClass - Clicked an element-->Unable to describe the element
2025-11-07 07:35:20 [TestNG-test-HrManagementTest-3] INFO  Base_Class - WebDriver instance is closed.
2025-11-07 07:35:20 [TestNG-test-HrManagementTest-2] INFO  Base_Class - WebDriver instance is closed.
2025-11-07 07:35:37 [TestNG-test-HrManagementTest-4] INFO  Base_Class - WebDriver instance is closed.
2025-11-07 07:35:40 [TestNG-test-HrManagementTest-4] INFO  Base_Class - ChromeDriver instance is created!!
2025-11-07 07:35:49 [TestNG-test-HrManagementTest-4] INFO  Base_Class - WebDriver initialized and Borwser maximized!
2025-11-07 07:35:49 [TestNG-test-HrManagementTest-4] TRACE Base_Class - This is a Trace message
2025-11-07 07:35:49 [TestNG-test-HrManagementTest-4] DEBUG Base_Class - This is a Debug message
2025-11-07 07:35:49 [TestNG-test-HrManagementTest-4] WARN  Base_Class - This is a Fatal message
2025-11-07 07:35:49 [TestNG-test-HrManagementTest-4] INFO  ActionsClass - WebDriver instance is created!
2025-11-07 07:35:49 [TestNG-test-HrManagementTest-4] INFO  Base_Class - ActionDriver initialized for thread: 32
2025-11-07 07:35:49 [TestNG-test-HrManagementTest-4] INFO  ActionsClass - Enter text on :Element with text: admin
2025-11-07 07:35:49 [TestNG-test-HrManagementTest-4] INFO  ActionsClass - Enter text on :Element with text: admin
2025-11-07 07:35:51 [TestNG-test-HrManagementTest-4] INFO  ActionsClass - Clicked an element-->Unable to describe the element
2025-11-07 07:35:52 [TestNG-test-HrManagementTest-4] INFO  Base_Class - WebDriver instance is closed.
2025-11-07 07:36:54 [main] INFO  Base_Class - config.properties file loaded!
2025-11-07 07:36:57 [main] INFO  Base_Class - ChromeDriver instance is created!!
2025-11-07 07:37:06 [main] INFO  Base_Class - WebDriver initialized and Borwser maximized!
2025-11-07 07:37:06 [main] TRACE Base_Class - This is a Trace message
2025-11-07 07:37:06 [main] DEBUG Base_Class - This is a Debug message
2025-11-07 07:37:06 [main] WARN  Base_Class - This is a Fatal message
2025-11-07 07:37:06 [main] INFO  ActionsClass - WebDriver instance is created!
2025-11-07 07:37:06 [main] INFO  Base_Class - ActionDriver initialized for thread: 1
2025-11-07 07:37:06 [main] INFO  ActionsClass - Enter text on :Element with text: Admin
2025-11-07 07:37:06 [main] INFO  ActionsClass - Enter text on :Element with text: admin123
2025-11-07 07:37:08 [main] INFO  ActionsClass - Clicked an element-->Unable to describe the element
2025-11-07 07:37:24 [main] INFO  Base_Class - WebDriver instance is closed.
2025-11-07 07:52:50 [main] INFO  Base_Class - config.properties file loaded!
2025-11-07 07:52:53 [main] INFO  Base_Class - ChromeDriver instance is created!!
2025-11-07 07:53:02 [main] INFO  Base_Class - WebDriver initialized and Borwser maximized!
2025-11-07 07:53:02 [main] TRACE Base_Class - This is a Trace message
2025-11-07 07:53:02 [main] DEBUG Base_Class - This is a Debug message
2025-11-07 07:53:02 [main] WARN  Base_Class - This is a Fatal message
2025-11-07 07:53:02 [main] INFO  ActionsClass - WebDriver instance is created!
2025-11-07 07:53:02 [main] INFO  Base_Class - ActionDriver initialized for thread: 1
2025-11-07 07:53:03 [main] INFO  ActionsClass - Enter text on :Element with text: Admin
2025-11-07 07:53:03 [main] INFO  ActionsClass - Enter text on :Element with text: admin123
2025-11-07 07:53:05 [main] INFO  ActionsClass - Clicked an element-->Unable to describe the element
2025-11-07 07:53:05 [main] INFO  ActionsClass - Element is displayed: Element with text:
2025-11-07 07:53:06 [main] INFO  Base_Class - WebDriver instance is closed.
2025-11-07 07:53:27 [main] INFO  Base_Class - config.properties file loaded!
2025-11-07 07:53:30 [main] INFO  Base_Class - ChromeDriver instance is created!!
2025-11-07 07:53:39 [main] INFO  Base_Class - WebDriver initialized and Borwser maximized!
2025-11-07 07:53:39 [main] TRACE Base_Class - This is a Trace message
2025-11-07 07:53:39 [main] DEBUG Base_Class - This is a Debug message
2025-11-07 07:53:39 [main] WARN  Base_Class - This is a Fatal message
2025-11-07 07:53:39 [main] INFO  ActionsClass - WebDriver instance is created!
2025-11-07 07:53:39 [main] INFO  Base_Class - ActionDriver initialized for thread: 1
2025-11-07 07:53:39 [main] INFO  ActionsClass - Enter text on :Element with text: Admin
2025-11-07 07:53:39 [main] INFO  ActionsClass - Enter text on :Element with text: admin123
2025-11-07 07:53:40 [main] INFO  ActionsClass - Clicked an element-->Unable to describe the element
2025-11-07 07:53:42 [main] INFO  ActionsClass - Element is displayed: Unable to describe the element
2025-11-07 07:54:26 [main] INFO  Base_Class - WebDriver instance is closed.
2025-11-07 07:54:36 [main] INFO  Base_Class - config.properties file loaded!
2025-11-07 07:54:42 [TestNG-test-HrManagementTest-2] INFO  Base_Class - ChromeDriver instance is created!!
2025-11-07 07:54:42 [TestNG-test-HrManagementTest-1] INFO  Base_Class - ChromeDriver instance is created!!
2025-11-07 07:54:42 [TestNG-test-HrManagementTest-3] INFO  Base_Class - ChromeDriver instance is created!!
2025-11-07 07:54:42 [TestNG-test-HrManagementTest-4] INFO  Base_Class - ChromeDriver instance is created!!
2025-11-07 07:54:52 [TestNG-test-HrManagementTest-4] INFO  Base_Class - WebDriver initialized and Borwser maximized!
2025-11-07 07:54:52 [TestNG-test-HrManagementTest-4] TRACE Base_Class - This is a Trace message
2025-11-07 07:54:52 [TestNG-test-HrManagementTest-4] DEBUG Base_Class - This is a Debug message
2025-11-07 07:54:52 [TestNG-test-HrManagementTest-4] WARN  Base_Class - This is a Fatal message
2025-11-07 07:54:52 [TestNG-test-HrManagementTest-4] INFO  ActionsClass - WebDriver instance is created!
2025-11-07 07:54:52 [TestNG-test-HrManagementTest-4] INFO  Base_Class - ActionDriver initialized for thread: 32
2025-11-07 07:54:53 [TestNG-test-HrManagementTest-4] INFO  ActionsClass - Enter text on :Element with text: Admin
2025-11-07 07:54:53 [TestNG-test-HrManagementTest-1] INFO  Base_Class - WebDriver initialized and Borwser maximized!
2025-11-07 07:54:53 [TestNG-test-HrManagementTest-1] TRACE Base_Class - This is a Trace message
2025-11-07 07:54:53 [TestNG-test-HrManagementTest-1] DEBUG Base_Class - This is a Debug message
2025-11-07 07:54:53 [TestNG-test-HrManagementTest-1] WARN  Base_Class - This is a Fatal message
2025-11-07 07:54:53 [TestNG-test-HrManagementTest-1] INFO  ActionsClass - WebDriver instance is created!
2025-11-07 07:54:53 [TestNG-test-HrManagementTest-2] INFO  Base_Class - WebDriver initialized and Borwser maximized!
2025-11-07 07:54:53 [TestNG-test-HrManagementTest-1] INFO  Base_Class - ActionDriver initialized for thread: 29
2025-11-07 07:54:53 [TestNG-test-HrManagementTest-2] TRACE Base_Class - This is a Trace message
2025-11-07 07:54:53 [TestNG-test-HrManagementTest-2] DEBUG Base_Class - This is a Debug message
2025-11-07 07:54:53 [TestNG-test-HrManagementTest-2] WARN  Base_Class - This is a Fatal message
2025-11-07 07:54:53 [TestNG-test-HrManagementTest-2] INFO  ActionsClass - WebDriver instance is created!
2025-11-07 07:54:53 [TestNG-test-HrManagementTest-2] INFO  Base_Class - ActionDriver initialized for thread: 30
2025-11-07 07:54:53 [TestNG-test-HrManagementTest-3] INFO  Base_Class - WebDriver initialized and Borwser maximized!
2025-11-07 07:54:53 [TestNG-test-HrManagementTest-3] TRACE Base_Class - This is a Trace message
2025-11-07 07:54:53 [TestNG-test-HrManagementTest-3] DEBUG Base_Class - This is a Debug message
2025-11-07 07:54:53 [TestNG-test-HrManagementTest-3] WARN  Base_Class - This is a Fatal message
2025-11-07 07:54:53 [TestNG-test-HrManagementTest-3] INFO  ActionsClass - WebDriver instance is created!
2025-11-07 07:54:53 [TestNG-test-HrManagementTest-3] INFO  Base_Class - ActionDriver initialized for thread: 31
2025-11-07 07:54:53 [TestNG-test-HrManagementTest-4] INFO  ActionsClass - Enter text on :Element with text: admin123
2025-11-07 07:54:54 [TestNG-test-HrManagementTest-3] INFO  ActionsClass - Enter text on :Element with text: Admin
2025-11-07 07:54:54 [TestNG-test-HrManagementTest-3] INFO  ActionsClass - Enter text on :Element with text: admin123
2025-11-07 07:54:55 [TestNG-test-HrManagementTest-3] INFO  ActionsClass - Clicked an element-->Unable to describe the element
2025-11-07 07:54:55 [TestNG-test-HrManagementTest-4] INFO  ActionsClass - Clicked an element-->Unable to describe the element
2025-11-07 07:54:56 [TestNG-test-HrManagementTest-4] INFO  ActionsClass - Element is displayed: Unable to describe the element
2025-11-07 07:54:58 [TestNG-test-HrManagementTest-3] INFO  ActionsClass - Element is displayed: Element with text:
2025-11-07 07:54:58 [TestNG-test-HrManagementTest-1] INFO  Base_Class - WebDriver instance is closed.
2025-11-07 07:54:58 [TestNG-test-HrManagementTest-2] INFO  Base_Class - WebDriver instance is closed.
2025-11-07 07:54:59 [TestNG-test-HrManagementTest-3] INFO  Base_Class - WebDriver instance is closed.
2025-11-07 07:55:40 [TestNG-test-HrManagementTest-4] INFO  Base_Class - WebDriver instance is closed.
2025-11-07 07:55:43 [TestNG-test-HrManagementTest-4] INFO  Base_Class - ChromeDriver instance is created!!
2025-11-07 07:55:52 [TestNG-test-HrManagementTest-4] INFO  Base_Class - WebDriver initialized and Borwser maximized!
2025-11-07 07:55:52 [TestNG-test-HrManagementTest-4] TRACE Base_Class - This is a Trace message
2025-11-07 07:55:52 [TestNG-test-HrManagementTest-4] DEBUG Base_Class - This is a Debug message
2025-11-07 07:55:52 [TestNG-test-HrManagementTest-4] WARN  Base_Class - This is a Fatal message
2025-11-07 07:55:52 [TestNG-test-HrManagementTest-4] INFO  ActionsClass - WebDriver instance is created!
2025-11-07 07:55:52 [TestNG-test-HrManagementTest-4] INFO  Base_Class - ActionDriver initialized for thread: 32
2025-11-07 07:55:52 [TestNG-test-HrManagementTest-4] INFO  ActionsClass - Enter text on :Element with text: admin
2025-11-07 07:55:52 [TestNG-test-HrManagementTest-4] INFO  ActionsClass - Enter text on :Element with text: admin
2025-11-07 07:55:52 [TestNG-test-HrManagementTest-4] INFO  ActionsClass - Clicked an element-->Unable to describe the element
2025-11-07 07:55:55 [TestNG-test-HrManagementTest-4] INFO  Base_Class - WebDriver instance is closed.
2025-11-07 07:56:35 [main] INFO  Base_Class - config.properties file loaded!
2025-11-07 07:56:41 [TestNG-test-HrManagementTest-2] INFO  Base_Class - ChromeDriver instance is created!!
2025-11-07 07:56:41 [TestNG-test-HrManagementTest-3] INFO  Base_Class - ChromeDriver instance is created!!
2025-11-07 07:56:41 [TestNG-test-HrManagementTest-1] INFO  Base_Class - ChromeDriver instance is created!!
2025-11-07 07:56:41 [TestNG-test-HrManagementTest-4] INFO  Base_Class - ChromeDriver instance is created!!
2025-11-07 07:56:47 [TestNG-test-HrManagementTest-3] INFO  Base_Class - WebDriver initialized and Borwser maximized!
2025-11-07 07:56:47 [TestNG-test-HrManagementTest-3] TRACE Base_Class - This is a Trace message
2025-11-07 07:56:47 [TestNG-test-HrManagementTest-3] DEBUG Base_Class - This is a Debug message
2025-11-07 07:56:47 [TestNG-test-HrManagementTest-3] WARN  Base_Class - This is a Fatal message
2025-11-07 07:56:47 [TestNG-test-HrManagementTest-3] INFO  ActionsClass - WebDriver instance is created!
2025-11-07 07:56:47 [TestNG-test-HrManagementTest-3] INFO  Base_Class - ActionDriver initialized for thread: 31
2025-11-07 07:56:48 [TestNG-test-HrManagementTest-3] INFO  ActionsClass - Enter text on :Element with text: Admin
2025-11-07 07:56:48 [TestNG-test-HrManagementTest-1] INFO  Base_Class - WebDriver initialized and Borwser maximized!
2025-11-07 07:56:48 [TestNG-test-HrManagementTest-1] TRACE Base_Class - This is a Trace message
2025-11-07 07:56:48 [TestNG-test-HrManagementTest-1] DEBUG Base_Class - This is a Debug message
2025-11-07 07:56:48 [TestNG-test-HrManagementTest-1] WARN  Base_Class - This is a Fatal message
2025-11-07 07:56:48 [TestNG-test-HrManagementTest-1] INFO  ActionsClass - WebDriver instance is created!
2025-11-07 07:56:48 [TestNG-test-HrManagementTest-1] INFO  Base_Class - ActionDriver initialized for thread: 29
2025-11-07 07:56:49 [TestNG-test-HrManagementTest-4] INFO  Base_Class - WebDriver initialized and Borwser maximized!
2025-11-07 07:56:49 [TestNG-test-HrManagementTest-4] TRACE Base_Class - This is a Trace message
2025-11-07 07:56:49 [TestNG-test-HrManagementTest-4] DEBUG Base_Class - This is a Debug message
2025-11-07 07:56:49 [TestNG-test-HrManagementTest-4] WARN  Base_Class - This is a Fatal message
2025-11-07 07:56:49 [TestNG-test-HrManagementTest-4] INFO  ActionsClass - WebDriver instance is created!
2025-11-07 07:56:49 [TestNG-test-HrManagementTest-4] INFO  Base_Class - ActionDriver initialized for thread: 32
2025-11-07 07:56:49 [TestNG-test-HrManagementTest-3] INFO  ActionsClass - Enter text on :Element with text: admin123
2025-11-07 07:56:50 [TestNG-test-HrManagementTest-4] INFO  ActionsClass - Enter text on :Element with text: Admin
2025-11-07 07:56:50 [TestNG-test-HrManagementTest-4] INFO  ActionsClass - Enter text on :Element with text: admin123
2025-11-07 07:56:50 [TestNG-test-HrManagementTest-4] INFO  ActionsClass - Clicked an element-->Unable to describe the element
2025-11-07 07:56:50 [TestNG-test-HrManagementTest-2] INFO  Base_Class - WebDriver initialized and Borwser maximized!
2025-11-07 07:56:50 [TestNG-test-HrManagementTest-2] TRACE Base_Class - This is a Trace message
2025-11-07 07:56:50 [TestNG-test-HrManagementTest-2] DEBUG Base_Class - This is a Debug message
2025-11-07 07:56:50 [TestNG-test-HrManagementTest-2] WARN  Base_Class - This is a Fatal message
2025-11-07 07:56:50 [TestNG-test-HrManagementTest-2] INFO  ActionsClass - WebDriver instance is created!
2025-11-07 07:56:50 [TestNG-test-HrManagementTest-2] INFO  Base_Class - ActionDriver initialized for thread: 30
2025-11-07 07:56:51 [TestNG-test-HrManagementTest-1] INFO  Base_Class - WebDriver instance is closed.
2025-11-07 07:56:51 [TestNG-test-HrManagementTest-3] INFO  ActionsClass - Clicked an element-->Unable to describe the element
2025-11-07 07:56:51 [TestNG-test-HrManagementTest-2] INFO  Base_Class - WebDriver instance is closed.
2025-11-07 07:56:52 [TestNG-test-HrManagementTest-3] INFO  ActionsClass - Element is displayed: Element with text:
2025-11-07 07:56:53 [TestNG-test-HrManagementTest-4] INFO  ActionsClass - Element is displayed: Unable to describe the element
2025-11-07 07:56:53 [TestNG-test-HrManagementTest-3] INFO  Base_Class - WebDriver instance is closed.
2025-11-07 07:57:36 [TestNG-test-HrManagementTest-4] INFO  Base_Class - WebDriver instance is closed.
2025-11-07 07:57:38 [TestNG-test-HrManagementTest-4] INFO  Base_Class - ChromeDriver instance is created!!
2025-11-07 07:57:47 [TestNG-test-HrManagementTest-4] INFO  Base_Class - WebDriver initialized and Borwser maximized!
2025-11-07 07:57:47 [TestNG-test-HrManagementTest-4] TRACE Base_Class - This is a Trace message
2025-11-07 07:57:47 [TestNG-test-HrManagementTest-4] DEBUG Base_Class - This is a Debug message
2025-11-07 07:57:47 [TestNG-test-HrManagementTest-4] WARN  Base_Class - This is a Fatal message
2025-11-07 07:57:47 [TestNG-test-HrManagementTest-4] INFO  ActionsClass - WebDriver instance is created!
2025-11-07 07:57:47 [TestNG-test-HrManagementTest-4] INFO  Base_Class - ActionDriver initialized for thread: 32
2025-11-07 07:57:47 [TestNG-test-HrManagementTest-4] INFO  ActionsClass - Enter text on :Element with text: admin
2025-11-07 07:57:47 [TestNG-test-HrManagementTest-4] INFO  ActionsClass - Enter text on :Element with text: admin
2025-11-07 07:57:48 [TestNG-test-HrManagementTest-4] INFO  ActionsClass - Clicked an element-->Unable to describe the element
2025-11-07 07:57:49 [TestNG-test-HrManagementTest-4] INFO  ActionsClass - Text are matching :Invalid credentials equals Invalid credentials
2025-11-07 07:57:50 [TestNG-test-HrManagementTest-4] INFO  Base_Class - WebDriver instance is closed.
2025-11-07 08:00:12 [main] INFO  Base_Class - config.properties file loaded!
2025-11-07 08:00:15 [main] INFO  Base_Class - ChromeDriver instance is created!!
2025-11-07 08:00:23 [main] INFO  Base_Class - WebDriver initialized and Borwser maximized!
2025-11-07 08:00:23 [main] TRACE Base_Class - This is a Trace message
2025-11-07 08:00:23 [main] DEBUG Base_Class - This is a Debug message
2025-11-07 08:00:23 [main] WARN  Base_Class - This is a Fatal message
2025-11-07 08:00:23 [main] INFO  ActionsClass - WebDriver instance is created!
2025-11-07 08:00:23 [main] INFO  Base_Class - ActionDriver initialized for thread: 1
2025-11-07 08:00:24 [main] INFO  Base_Class - WebDriver instance is closed.
2025-11-07 08:00:26 [main] INFO  Base_Class - ChromeDriver instance is created!!
2025-11-07 08:00:35 [main] INFO  Base_Class - WebDriver initialized and Borwser maximized!
2025-11-07 08:00:35 [main] TRACE Base_Class - This is a Trace message
2025-11-07 08:00:35 [main] DEBUG Base_Class - This is a Debug message
2025-11-07 08:00:35 [main] WARN  Base_Class - This is a Fatal message
2025-11-07 08:00:35 [main] INFO  ActionsClass - WebDriver instance is created!
2025-11-07 08:00:35 [main] INFO  Base_Class - ActionDriver initialized for thread: 1
2025-11-07 08:00:35 [main] INFO  Base_Class - WebDriver instance is closed.
2025-11-07 08:00:37 [main] INFO  Base_Class - ChromeDriver instance is created!!
2025-11-07 08:00:46 [main] INFO  Base_Class - WebDriver initialized and Borwser maximized!
2025-11-07 08:00:46 [main] TRACE Base_Class - This is a Trace message
2025-11-07 08:00:46 [main] DEBUG Base_Class - This is a Debug message
2025-11-07 08:00:46 [main] WARN  Base_Class - This is a Fatal message
2025-11-07 08:00:46 [main] INFO  ActionsClass - WebDriver instance is created!
2025-11-07 08:00:46 [main] INFO  Base_Class - ActionDriver initialized for thread: 1
2025-11-07 08:00:46 [main] INFO  ActionsClass - Enter text on :Element with text: Admin
2025-11-07 08:00:46 [main] INFO  ActionsClass - Enter text on :Element with text: admin123
2025-11-07 08:00:47 [main] INFO  ActionsClass - Clicked an element-->Unable to describe the element
2025-11-07 08:00:49 [main] INFO  ActionsClass - Element is displayed: Unable to describe the element
2025-11-07 08:01:32 [main] INFO  Base_Class - WebDriver instance is closed.
2025-11-07 08:01:34 [main] INFO  Base_Class - ChromeDriver instance is created!!
2025-11-07 08:01:43 [main] INFO  Base_Class - WebDriver initialized and Borwser maximized!
2025-11-07 08:01:43 [main] TRACE Base_Class - This is a Trace message
2025-11-07 08:01:43 [main] DEBUG Base_Class - This is a Debug message
2025-11-07 08:01:43 [main] WARN  Base_Class - This is a Fatal message
2025-11-07 08:01:44 [main] INFO  ActionsClass - WebDriver instance is created!
2025-11-07 08:01:44 [main] INFO  Base_Class - ActionDriver initialized for thread: 1
2025-11-07 08:01:44 [main] INFO  ActionsClass - Enter text on :Element with text: admin
2025-11-07 08:01:44 [main] INFO  ActionsClass - Enter text on :Element with text: admin
2025-11-07 08:01:44 [main] INFO  ActionsClass - Clicked an element-->Unable to describe the element
2025-11-07 08:01:46 [main] INFO  ActionsClass - Text are matching :Invalid credentials equals Invalid credentials
2025-11-07 08:01:46 [main] INFO  Base_Class - WebDriver instance is closed.
2025-11-07 08:01:48 [main] INFO  Base_Class - ChromeDriver instance is created!!
2025-11-07 08:01:57 [main] INFO  Base_Class - WebDriver initialized and Borwser maximized!
2025-11-07 08:01:57 [main] TRACE Base_Class - This is a Trace message
2025-11-07 08:01:57 [main] DEBUG Base_Class - This is a Debug message
2025-11-07 08:01:57 [main] WARN  Base_Class - This is a Fatal message
2025-11-07 08:01:57 [main] INFO  ActionsClass - WebDriver instance is created!
2025-11-07 08:01:57 [main] INFO  Base_Class - ActionDriver initialized for thread: 1
2025-11-07 08:01:57 [main] INFO  ActionsClass - Enter text on :Element with text: Admin
2025-11-07 08:01:58 [main] INFO  ActionsClass - Enter text on :Element with text: admin123
2025-11-07 08:01:59 [main] INFO  ActionsClass - Clicked an element-->Unable to describe the element
2025-11-07 08:02:00 [main] INFO  ActionsClass - Element is displayed: Element with text:
2025-11-07 08:02:01 [main] INFO  Base_Class - WebDriver instance is closed.
2025-11-07 08:03:06 [main] INFO  Base_Class - config.properties file loaded!
2025-11-07 08:03:13 [TestNG-test-HrManagementTest-3] INFO  Base_Class - ChromeDriver instance is created!!
2025-11-07 08:03:13 [TestNG-test-HrManagementTest-4] INFO  Base_Class - ChromeDriver instance is created!!
2025-11-07 08:03:13 [TestNG-test-HrManagementTest-2] INFO  Base_Class - ChromeDriver instance is created!!
2025-11-07 08:03:13 [TestNG-test-HrManagementTest-1] INFO  Base_Class - ChromeDriver instance is created!!
2025-11-07 08:03:13 [TestNG-test-HrManagementTest-5] INFO  Base_Class - ChromeDriver instance is created!!
2025-11-07 08:03:22 [TestNG-test-HrManagementTest-5] INFO  Base_Class - WebDriver initialized and Borwser maximized!
2025-11-07 08:03:22 [TestNG-test-HrManagementTest-5] TRACE Base_Class - This is a Trace message
2025-11-07 08:03:22 [TestNG-test-HrManagementTest-5] DEBUG Base_Class - This is a Debug message
2025-11-07 08:03:22 [TestNG-test-HrManagementTest-5] WARN  Base_Class - This is a Fatal message
2025-11-07 08:03:22 [TestNG-test-HrManagementTest-5] INFO  ActionsClass - WebDriver instance is created!
2025-11-07 08:03:22 [TestNG-test-HrManagementTest-5] INFO  Base_Class - ActionDriver initialized for thread: 33
2025-11-07 08:03:23 [TestNG-test-HrManagementTest-5] INFO  ActionsClass - Enter text on :Element with text: admin
2025-11-07 08:03:24 [TestNG-test-HrManagementTest-5] INFO  ActionsClass - Enter text on :Element with text: admin
2025-11-07 08:03:24 [TestNG-test-HrManagementTest-3] INFO  Base_Class - WebDriver initialized and Borwser maximized!
2025-11-07 08:03:24 [TestNG-test-HrManagementTest-3] TRACE Base_Class - This is a Trace message
2025-11-07 08:03:24 [TestNG-test-HrManagementTest-3] DEBUG Base_Class - This is a Debug message
2025-11-07 08:03:24 [TestNG-test-HrManagementTest-3] WARN  Base_Class - This is a Fatal message
2025-11-07 08:03:24 [TestNG-test-HrManagementTest-3] INFO  ActionsClass - WebDriver instance is created!
2025-11-07 08:03:24 [TestNG-test-HrManagementTest-3] INFO  Base_Class - ActionDriver initialized for thread: 31
2025-11-07 08:03:24 [TestNG-test-HrManagementTest-3] INFO  ActionsClass - Enter text on :Element with text: Admin
2025-11-07 08:03:25 [TestNG-test-HrManagementTest-3] INFO  ActionsClass - Enter text on :Element with text: admin123
2025-11-07 08:03:25 [TestNG-test-HrManagementTest-3] INFO  ActionsClass - Clicked an element-->Unable to describe the element
2025-11-07 08:03:25 [TestNG-test-HrManagementTest-4] INFO  Base_Class - WebDriver initialized and Borwser maximized!
2025-11-07 08:03:25 [TestNG-test-HrManagementTest-4] TRACE Base_Class - This is a Trace message
2025-11-07 08:03:25 [TestNG-test-HrManagementTest-4] DEBUG Base_Class - This is a Debug message
2025-11-07 08:03:25 [TestNG-test-HrManagementTest-4] WARN  Base_Class - This is a Fatal message
2025-11-07 08:03:25 [TestNG-test-HrManagementTest-4] INFO  ActionsClass - WebDriver instance is created!
2025-11-07 08:03:25 [TestNG-test-HrManagementTest-4] INFO  Base_Class - ActionDriver initialized for thread: 32
2025-11-07 08:03:25 [TestNG-test-HrManagementTest-1] INFO  Base_Class - WebDriver initialized and Borwser maximized!
2025-11-07 08:03:25 [TestNG-test-HrManagementTest-1] TRACE Base_Class - This is a Trace message
2025-11-07 08:03:25 [TestNG-test-HrManagementTest-1] DEBUG Base_Class - This is a Debug message
2025-11-07 08:03:25 [TestNG-test-HrManagementTest-1] WARN  Base_Class - This is a Fatal message
2025-11-07 08:03:25 [TestNG-test-HrManagementTest-1] INFO  ActionsClass - WebDriver instance is created!
2025-11-07 08:03:25 [TestNG-test-HrManagementTest-1] INFO  Base_Class - ActionDriver initialized for thread: 29
2025-11-07 08:03:25 [TestNG-test-HrManagementTest-2] INFO  Base_Class - WebDriver initialized and Borwser maximized!
2025-11-07 08:03:25 [TestNG-test-HrManagementTest-2] TRACE Base_Class - This is a Trace message
2025-11-07 08:03:25 [TestNG-test-HrManagementTest-2] DEBUG Base_Class - This is a Debug message
2025-11-07 08:03:25 [TestNG-test-HrManagementTest-2] WARN  Base_Class - This is a Fatal message
2025-11-07 08:03:25 [TestNG-test-HrManagementTest-2] INFO  ActionsClass - WebDriver instance is created!
2025-11-07 08:03:25 [TestNG-test-HrManagementTest-2] INFO  Base_Class - ActionDriver initialized for thread: 30
2025-11-07 08:03:25 [TestNG-test-HrManagementTest-5] INFO  ActionsClass - Clicked an element-->Unable to describe the element
2025-11-07 08:03:26 [TestNG-test-HrManagementTest-1] INFO  Base_Class - WebDriver instance is closed.
2025-11-07 08:03:26 [TestNG-test-HrManagementTest-2] INFO  Base_Class - WebDriver instance is closed.
2025-11-07 08:03:27 [TestNG-test-HrManagementTest-3] INFO  ActionsClass - Element is displayed: Element with text:
2025-11-07 08:03:28 [TestNG-test-HrManagementTest-3] INFO  Base_Class - WebDriver instance is closed.
2025-11-07 08:03:31 [TestNG-test-HrManagementTest-4] INFO  ActionsClass - Enter text on :Element with text: Admin
2025-11-07 08:03:42 [TestNG-test-HrManagementTest-4] INFO  ActionsClass - Enter text on :Element with text: admin123
2025-11-07 08:03:42 [TestNG-test-HrManagementTest-5] INFO  Base_Class - WebDriver instance is closed.
2025-11-07 08:03:43 [TestNG-test-HrManagementTest-4] INFO  ActionsClass - Clicked an element-->Unable to describe the element
2025-11-07 08:03:44 [TestNG-test-HrManagementTest-4] INFO  ActionsClass - Element is displayed: Unable to describe the element
2025-11-07 08:04:28 [TestNG-test-HrManagementTest-4] INFO  Base_Class - WebDriver instance is closed.
2025-11-10 07:31:45 [main] INFO  Base_Class - config.properties file loaded!
2025-11-10 07:31:57 [TestNG-test-HrManagementTest-2] INFO  Base_Class - ChromeDriver instance is created!!
2025-11-10 07:31:57 [TestNG-test-HrManagementTest-4] INFO  Base_Class - ChromeDriver instance is created!!
2025-11-10 07:31:57 [TestNG-test-HrManagementTest-5] INFO  Base_Class - ChromeDriver instance is created!!
2025-11-10 07:31:58 [TestNG-test-HrManagementTest-3] INFO  Base_Class - ChromeDriver instance is created!!
2025-11-10 07:31:58 [TestNG-test-HrManagementTest-1] INFO  Base_Class - ChromeDriver instance is created!!
2025-11-10 07:32:09 [TestNG-test-HrManagementTest-2] INFO  Base_Class - WebDriver initialized and Borwser maximized!
2025-11-10 07:32:09 [TestNG-test-HrManagementTest-2] TRACE Base_Class - This is a Trace message
2025-11-10 07:32:09 [TestNG-test-HrManagementTest-2] DEBUG Base_Class - This is a Debug message
2025-11-10 07:32:09 [TestNG-test-HrManagementTest-2] WARN  Base_Class - This is a Fatal message
2025-11-10 07:32:09 [TestNG-test-HrManagementTest-2] INFO  ActionsClass - WebDriver instance is created!
2025-11-10 07:32:09 [TestNG-test-HrManagementTest-2] INFO  Base_Class - ActionDriver initialized for thread: 30
2025-11-10 07:32:09 [TestNG-test-HrManagementTest-1] INFO  Base_Class - WebDriver initialized and Borwser maximized!
2025-11-10 07:32:09 [TestNG-test-HrManagementTest-1] TRACE Base_Class - This is a Trace message
2025-11-10 07:32:09 [TestNG-test-HrManagementTest-1] DEBUG Base_Class - This is a Debug message
2025-11-10 07:32:09 [TestNG-test-HrManagementTest-1] WARN  Base_Class - This is a Fatal message
2025-11-10 07:32:09 [TestNG-test-HrManagementTest-1] INFO  ActionsClass - WebDriver instance is created!
2025-11-10 07:32:09 [TestNG-test-HrManagementTest-1] INFO  Base_Class - ActionDriver initialized for thread: 29
2025-11-10 07:32:09 [TestNG-test-HrManagementTest-4] INFO  Base_Class - WebDriver initialized and Borwser maximized!
2025-11-10 07:32:09 [TestNG-test-HrManagementTest-4] TRACE Base_Class - This is a Trace message
2025-11-10 07:32:09 [TestNG-test-HrManagementTest-4] DEBUG Base_Class - This is a Debug message
2025-11-10 07:32:09 [TestNG-test-HrManagementTest-4] WARN  Base_Class - This is a Fatal message
2025-11-10 07:32:09 [TestNG-test-HrManagementTest-4] INFO  ActionsClass - WebDriver instance is created!
2025-11-10 07:32:09 [TestNG-test-HrManagementTest-4] INFO  Base_Class - ActionDriver initialized for thread: 32
2025-11-10 07:32:09 [TestNG-test-HrManagementTest-5] INFO  Base_Class - WebDriver initialized and Borwser maximized!
2025-11-10 07:32:09 [TestNG-test-HrManagementTest-5] TRACE Base_Class - This is a Trace message
2025-11-10 07:32:09 [TestNG-test-HrManagementTest-5] DEBUG Base_Class - This is a Debug message
2025-11-10 07:32:09 [TestNG-test-HrManagementTest-5] WARN  Base_Class - This is a Fatal message
2025-11-10 07:32:09 [TestNG-test-HrManagementTest-5] INFO  ActionsClass - WebDriver instance is created!
2025-11-10 07:32:09 [TestNG-test-HrManagementTest-5] INFO  Base_Class - ActionDriver initialized for thread: 33
2025-11-10 07:32:10 [TestNG-test-HrManagementTest-5] INFO  ActionsClass - Enter text on :Element with text: admin
2025-11-10 07:32:10 [TestNG-test-HrManagementTest-4] INFO  ActionsClass - Enter text on :Element with text: Admin
2025-11-10 07:32:10 [TestNG-test-HrManagementTest-2] INFO  Base_Class - WebDriver instance is closed.
2025-11-10 07:32:10 [TestNG-test-HrManagementTest-3] INFO  Base_Class - WebDriver initialized and Borwser maximized!
2025-11-10 07:32:10 [TestNG-test-HrManagementTest-3] TRACE Base_Class - This is a Trace message
2025-11-10 07:32:10 [TestNG-test-HrManagementTest-3] DEBUG Base_Class - This is a Debug message
2025-11-10 07:32:10 [TestNG-test-HrManagementTest-3] WARN  Base_Class - This is a Fatal message
2025-11-10 07:32:10 [TestNG-test-HrManagementTest-3] INFO  ActionsClass - WebDriver instance is created!
2025-11-10 07:32:10 [TestNG-test-HrManagementTest-3] INFO  Base_Class - ActionDriver initialized for thread: 31
2025-11-10 07:32:11 [TestNG-test-HrManagementTest-5] INFO  ActionsClass - Enter text on :Element with text: admin
2025-11-10 07:32:11 [TestNG-test-HrManagementTest-4] INFO  ActionsClass - Enter text on :Element with text: admin123
2025-11-10 07:32:11 [TestNG-test-HrManagementTest-3] INFO  ActionsClass - Enter text on :Element with text: Admin
2025-11-10 07:32:11 [TestNG-test-HrManagementTest-1] INFO  Base_Class - WebDriver instance is closed.
2025-11-10 07:32:11 [TestNG-test-HrManagementTest-3] INFO  ActionsClass - Enter text on :Element with text: admin123
2025-11-10 07:32:12 [TestNG-test-HrManagementTest-5] INFO  ActionsClass - Clicked an element-->Unable to describe the element
2025-11-10 07:32:12 [TestNG-test-HrManagementTest-5] INFO  ActionsClass - Text are matching :Invalid credentials equals Invalid credentials
2025-11-10 07:32:13 [TestNG-test-HrManagementTest-3] INFO  ActionsClass - Clicked an element-->Unable to describe the element
2025-11-10 07:32:13 [TestNG-test-HrManagementTest-5] INFO  Base_Class - WebDriver instance is closed.
2025-11-10 07:32:13 [TestNG-test-HrManagementTest-3] INFO  ActionsClass - Element is displayed: Element with text:
2025-11-10 07:32:14 [TestNG-test-HrManagementTest-3] INFO  Base_Class - WebDriver instance is closed.
2025-11-10 07:32:28 [TestNG-test-HrManagementTest-4] INFO  Base_Class - WebDriver instance is closed.
2025-11-10 07:34:10 [main] INFO  Base_Class - config.properties file loaded!
2025-11-10 07:34:17 [TestNG-test-HrManagementTest-2] INFO  Base_Class - ChromeDriver instance is created!!
2025-11-10 07:34:17 [TestNG-test-HrManagementTest-1] INFO  Base_Class - ChromeDriver instance is created!!
2025-11-10 07:34:17 [TestNG-test-HrManagementTest-4] INFO  Base_Class - ChromeDriver instance is created!!
2025-11-10 07:34:18 [TestNG-test-HrManagementTest-3] INFO  Base_Class - ChromeDriver instance is created!!
2025-11-10 07:34:26 [TestNG-test-HrManagementTest-4] INFO  Base_Class - WebDriver initialized and Borwser maximized!
2025-11-10 07:34:26 [TestNG-test-HrManagementTest-4] TRACE Base_Class - This is a Trace message
2025-11-10 07:34:26 [TestNG-test-HrManagementTest-4] DEBUG Base_Class - This is a Debug message
2025-11-10 07:34:26 [TestNG-test-HrManagementTest-4] WARN  Base_Class - This is a Fatal message
2025-11-10 07:34:26 [TestNG-test-HrManagementTest-4] INFO  ActionsClass - WebDriver instance is created!
2025-11-10 07:34:26 [TestNG-test-HrManagementTest-4] INFO  Base_Class - ActionDriver initialized for thread: 32
2025-11-10 07:34:26 [TestNG-test-HrManagementTest-2] INFO  Base_Class - WebDriver initialized and Borwser maximized!
2025-11-10 07:34:26 [TestNG-test-HrManagementTest-2] TRACE Base_Class - This is a Trace message
2025-11-10 07:34:26 [TestNG-test-HrManagementTest-2] DEBUG Base_Class - This is a Debug message
2025-11-10 07:34:26 [TestNG-test-HrManagementTest-2] WARN  Base_Class - This is a Fatal message
2025-11-10 07:34:26 [TestNG-test-HrManagementTest-4] INFO  ActionsClass - Enter text on :Element with text: Admin
2025-11-10 07:34:26 [TestNG-test-HrManagementTest-2] INFO  ActionsClass - WebDriver instance is created!
2025-11-10 07:34:26 [TestNG-test-HrManagementTest-2] INFO  Base_Class - ActionDriver initialized for thread: 30
2025-11-10 07:34:27 [TestNG-test-HrManagementTest-4] INFO  ActionsClass - Enter text on :Element with text: admin123
2025-11-10 07:34:27 [TestNG-test-HrManagementTest-2] INFO  Base_Class - WebDriver instance is closed.
2025-11-10 07:34:27 [TestNG-test-HrManagementTest-3] INFO  Base_Class - WebDriver initialized and Borwser maximized!
2025-11-10 07:34:27 [TestNG-test-HrManagementTest-3] TRACE Base_Class - This is a Trace message
2025-11-10 07:34:27 [TestNG-test-HrManagementTest-3] DEBUG Base_Class - This is a Debug message
2025-11-10 07:34:27 [TestNG-test-HrManagementTest-3] WARN  Base_Class - This is a Fatal message
2025-11-10 07:34:27 [TestNG-test-HrManagementTest-3] INFO  ActionsClass - WebDriver instance is created!
2025-11-10 07:34:27 [TestNG-test-HrManagementTest-3] INFO  Base_Class - ActionDriver initialized for thread: 31
2025-11-10 07:34:28 [TestNG-test-HrManagementTest-3] INFO  ActionsClass - Enter text on :Element with text: Admin
2025-11-10 07:34:28 [TestNG-test-HrManagementTest-3] INFO  ActionsClass - Enter text on :Element with text: admin123
2025-11-10 07:34:28 [TestNG-test-HrManagementTest-3] INFO  ActionsClass - Clicked an element-->Unable to describe the element
2025-11-10 07:34:29 [TestNG-test-HrManagementTest-1] INFO  Base_Class - WebDriver initialized and Borwser maximized!
2025-11-10 07:34:29 [TestNG-test-HrManagementTest-1] TRACE Base_Class - This is a Trace message
2025-11-10 07:34:29 [TestNG-test-HrManagementTest-1] DEBUG Base_Class - This is a Debug message
2025-11-10 07:34:29 [TestNG-test-HrManagementTest-1] WARN  Base_Class - This is a Fatal message
2025-11-10 07:34:29 [TestNG-test-HrManagementTest-1] INFO  ActionsClass - WebDriver instance is created!
2025-11-10 07:34:29 [TestNG-test-HrManagementTest-1] INFO  Base_Class - ActionDriver initialized for thread: 29
2025-11-10 07:34:29 [TestNG-test-HrManagementTest-4] INFO  ActionsClass - Clicked an element-->Unable to describe the element
2025-11-10 07:34:31 [TestNG-test-HrManagementTest-3] INFO  ActionsClass - Element is displayed: Element with text:
2025-11-10 07:34:33 [TestNG-test-HrManagementTest-1] INFO  Base_Class - WebDriver instance is closed.
2025-11-10 07:34:35 [TestNG-test-HrManagementTest-3] INFO  Base_Class - WebDriver instance is closed.
2025-11-10 07:34:45 [TestNG-test-HrManagementTest-4] INFO  Base_Class - WebDriver instance is closed.
2025-11-10 07:34:47 [TestNG-test-HrManagementTest-4] INFO  Base_Class - ChromeDriver instance is created!!
2025-11-10 07:34:55 [TestNG-test-HrManagementTest-4] INFO  Base_Class - WebDriver initialized and Borwser maximized!
2025-11-10 07:34:55 [TestNG-test-HrManagementTest-4] TRACE Base_Class - This is a Trace message
2025-11-10 07:34:55 [TestNG-test-HrManagementTest-4] DEBUG Base_Class - This is a Debug message
2025-11-10 07:34:55 [TestNG-test-HrManagementTest-4] WARN  Base_Class - This is a Fatal message
2025-11-10 07:34:55 [TestNG-test-HrManagementTest-4] INFO  ActionsClass - WebDriver instance is created!
2025-11-10 07:34:55 [TestNG-test-HrManagementTest-4] INFO  Base_Class - ActionDriver initialized for thread: 32
2025-11-10 07:34:55 [TestNG-test-HrManagementTest-4] INFO  ActionsClass - Enter text on :Element with text: admin
2025-11-10 07:34:56 [TestNG-test-HrManagementTest-4] INFO  ActionsClass - Enter text on :Element with text: admin
2025-11-10 07:34:56 [TestNG-test-HrManagementTest-4] INFO  ActionsClass - Clicked an element-->Unable to describe the element
2025-11-10 07:34:57 [TestNG-test-HrManagementTest-4] INFO  ActionsClass - Text are matching :Invalid credentials equals Invalid credentials
2025-11-10 07:34:59 [TestNG-test-HrManagementTest-4] INFO  Base_Class - WebDriver instance is closed.
2025-11-11 06:29:16 [main] INFO  Base_Class - config.properties file loaded!
2025-11-11 06:29:26 [TestNG-test-HrManagementTest-1] INFO  Base_Class - ChromeDriver instance is created!!
2025-11-11 06:29:26 [TestNG-test-HrManagementTest-3] INFO  Base_Class - ChromeDriver instance is created!!
2025-11-11 06:29:27 [TestNG-test-HrManagementTest-4] INFO  Base_Class - ChromeDriver instance is created!!
2025-11-11 06:29:27 [TestNG-test-HrManagementTest-2] INFO  Base_Class - ChromeDriver instance is created!!
2025-11-11 06:29:36 [TestNG-test-HrManagementTest-1] INFO  Base_Class - WebDriver initialized and Borwser maximized!
2025-11-11 06:29:36 [TestNG-test-HrManagementTest-1] TRACE Base_Class - This is a Trace message
2025-11-11 06:29:36 [TestNG-test-HrManagementTest-1] DEBUG Base_Class - This is a Debug message
2025-11-11 06:29:36 [TestNG-test-HrManagementTest-1] WARN  Base_Class - This is a Fatal message
2025-11-11 06:29:36 [TestNG-test-HrManagementTest-3] INFO  Base_Class - WebDriver initialized and Borwser maximized!
2025-11-11 06:29:36 [TestNG-test-HrManagementTest-3] TRACE Base_Class - This is a Trace message
2025-11-11 06:29:36 [TestNG-test-HrManagementTest-1] INFO  ActionsClass - WebDriver instance is created!
2025-11-11 06:29:36 [TestNG-test-HrManagementTest-1] INFO  Base_Class - ActionDriver initialized for thread: 29
2025-11-11 06:29:36 [TestNG-test-HrManagementTest-3] DEBUG Base_Class - This is a Debug message
2025-11-11 06:29:36 [TestNG-test-HrManagementTest-3] WARN  Base_Class - This is a Fatal message
2025-11-11 06:29:36 [TestNG-test-HrManagementTest-3] INFO  ActionsClass - WebDriver instance is created!
2025-11-11 06:29:36 [TestNG-test-HrManagementTest-3] INFO  Base_Class - ActionDriver initialized for thread: 31
2025-11-11 06:29:37 [TestNG-test-HrManagementTest-3] INFO  ActionsClass - Enter text on :Element with text: Admin
2025-11-11 06:29:37 [TestNG-test-HrManagementTest-2] INFO  Base_Class - WebDriver initialized and Borwser maximized!
2025-11-11 06:29:37 [TestNG-test-HrManagementTest-2] TRACE Base_Class - This is a Trace message
2025-11-11 06:29:37 [TestNG-test-HrManagementTest-2] DEBUG Base_Class - This is a Debug message
2025-11-11 06:29:37 [TestNG-test-HrManagementTest-2] WARN  Base_Class - This is a Fatal message
2025-11-11 06:29:37 [TestNG-test-HrManagementTest-2] INFO  ActionsClass - WebDriver instance is created!
2025-11-11 06:29:37 [TestNG-test-HrManagementTest-2] INFO  Base_Class - ActionDriver initialized for thread: 30
2025-11-11 06:29:37 [TestNG-test-HrManagementTest-1] INFO  Base_Class - WebDriver instance is closed.
2025-11-11 06:29:38 [TestNG-test-HrManagementTest-4] INFO  Base_Class - WebDriver initialized and Borwser maximized!
2025-11-11 06:29:38 [TestNG-test-HrManagementTest-4] TRACE Base_Class - This is a Trace message
2025-11-11 06:29:38 [TestNG-test-HrManagementTest-4] DEBUG Base_Class - This is a Debug message
2025-11-11 06:29:38 [TestNG-test-HrManagementTest-4] WARN  Base_Class - This is a Fatal message
2025-11-11 06:29:38 [TestNG-test-HrManagementTest-4] INFO  ActionsClass - WebDriver instance is created!
2025-11-11 06:29:38 [TestNG-test-HrManagementTest-4] INFO  Base_Class - ActionDriver initialized for thread: 32
2025-11-11 06:29:38 [TestNG-test-HrManagementTest-3] INFO  ActionsClass - Enter text on :Element with text: admin123
2025-11-11 06:29:38 [TestNG-test-HrManagementTest-3] INFO  ActionsClass - Clicked an element-->Unable to describe the element
2025-11-11 06:29:38 [TestNG-test-HrManagementTest-4] INFO  ActionsClass - Enter text on :Element with text: Admin
2025-11-11 06:29:39 [TestNG-test-HrManagementTest-4] INFO  ActionsClass - Enter text on :Element with text: admin123
2025-11-11 06:29:39 [TestNG-test-HrManagementTest-4] INFO  ActionsClass - Clicked an element-->Unable to describe the element
2025-11-11 06:29:39 [TestNG-test-HrManagementTest-2] INFO  Base_Class - WebDriver instance is closed.
2025-11-11 06:29:40 [TestNG-test-HrManagementTest-3] INFO  ActionsClass - Element is displayed: Element with text:
2025-11-11 06:29:41 [TestNG-test-HrManagementTest-3] INFO  Base_Class - WebDriver instance is closed.
2025-11-11 06:29:57 [TestNG-test-HrManagementTest-4] INFO  Base_Class - WebDriver instance is closed.
2025-11-11 06:29:59 [TestNG-test-HrManagementTest-4] INFO  Base_Class - ChromeDriver instance is created!!
2025-11-11 06:30:07 [TestNG-test-HrManagementTest-4] INFO  Base_Class - WebDriver initialized and Borwser maximized!
2025-11-11 06:30:07 [TestNG-test-HrManagementTest-4] TRACE Base_Class - This is a Trace message
2025-11-11 06:30:07 [TestNG-test-HrManagementTest-4] DEBUG Base_Class - This is a Debug message
2025-11-11 06:30:07 [TestNG-test-HrManagementTest-4] WARN  Base_Class - This is a Fatal message
2025-11-11 06:30:07 [TestNG-test-HrManagementTest-4] INFO  ActionsClass - WebDriver instance is created!
2025-11-11 06:30:07 [TestNG-test-HrManagementTest-4] INFO  Base_Class - ActionDriver initialized for thread: 32
2025-11-11 06:30:08 [TestNG-test-HrManagementTest-4] INFO  ActionsClass - Enter text on :Element with text: admin
2025-11-11 06:30:08 [TestNG-test-HrManagementTest-4] INFO  ActionsClass - Enter text on :Element with text: admin
2025-11-11 06:30:09 [TestNG-test-HrManagementTest-4] INFO  ActionsClass - Clicked an element-->Unable to describe the element
2025-11-11 06:30:10 [TestNG-test-HrManagementTest-4] INFO  ActionsClass - Text are matching :Invalid credentials equals Invalid credentials
2025-11-11 06:30:10 [TestNG-test-HrManagementTest-4] INFO  Base_Class - WebDriver instance is closed.
2025-11-11 06:31:00 [main] INFO  Base_Class - config.properties file loaded!
2025-11-11 06:31:28 [main] INFO  Base_Class - config.properties file loaded!
2025-11-11 06:31:35 [TestNG-test-HrManagementTest-4] INFO  Base_Class - ChromeDriver instance is created!!
2025-11-11 06:31:35 [TestNG-test-HrManagementTest-3] INFO  Base_Class - ChromeDriver instance is created!!
2025-11-11 06:31:35 [TestNG-test-HrManagementTest-1] INFO  Base_Class - ChromeDriver instance is created!!
2025-11-11 06:31:35 [TestNG-test-HrManagementTest-2] INFO  Base_Class - ChromeDriver instance is created!!
2025-11-11 06:31:42 [TestNG-test-HrManagementTest-2] INFO  Base_Class - WebDriver initialized and Borwser maximized!
2025-11-11 06:31:42 [TestNG-test-HrManagementTest-2] TRACE Base_Class - This is a Trace message
2025-11-11 06:31:42 [TestNG-test-HrManagementTest-2] DEBUG Base_Class - This is a Debug message
2025-11-11 06:31:42 [TestNG-test-HrManagementTest-2] WARN  Base_Class - This is a Fatal message
2025-11-11 06:31:42 [TestNG-test-HrManagementTest-2] INFO  ActionsClass - WebDriver instance is created!
2025-11-11 06:31:42 [TestNG-test-HrManagementTest-2] INFO  Base_Class - ActionDriver initialized for thread: 30
2025-11-11 06:31:43 [TestNG-test-HrManagementTest-2] INFO  Base_Class - WebDriver instance is closed.
2025-11-11 06:31:45 [TestNG-test-HrManagementTest-4] INFO  Base_Class - WebDriver initialized and Borwser maximized!
2025-11-11 06:31:45 [TestNG-test-HrManagementTest-4] TRACE Base_Class - This is a Trace message
2025-11-11 06:31:45 [TestNG-test-HrManagementTest-4] DEBUG Base_Class - This is a Debug message
2025-11-11 06:31:45 [TestNG-test-HrManagementTest-4] WARN  Base_Class - This is a Fatal message
2025-11-11 06:31:45 [TestNG-test-HrManagementTest-4] INFO  ActionsClass - WebDriver instance is created!
2025-11-11 06:31:45 [TestNG-test-HrManagementTest-4] INFO  Base_Class - ActionDriver initialized for thread: 32
2025-11-11 06:31:45 [TestNG-test-HrManagementTest-3] INFO  Base_Class - WebDriver initialized and Borwser maximized!
2025-11-11 06:31:45 [TestNG-test-HrManagementTest-3] TRACE Base_Class - This is a Trace message
2025-11-11 06:31:45 [TestNG-test-HrManagementTest-3] DEBUG Base_Class - This is a Debug message
2025-11-11 06:31:45 [TestNG-test-HrManagementTest-3] WARN  Base_Class - This is a Fatal message
2025-11-11 06:31:45 [TestNG-test-HrManagementTest-3] INFO  ActionsClass - WebDriver instance is created!
2025-11-11 06:31:45 [TestNG-test-HrManagementTest-3] INFO  Base_Class - ActionDriver initialized for thread: 31
2025-11-11 06:31:45 [TestNG-test-HrManagementTest-4] INFO  ActionsClass - Enter text on :Element with text: Admin
2025-11-11 06:31:46 [TestNG-test-HrManagementTest-4] INFO  ActionsClass - Enter text on :Element with text: admin123
2025-11-11 06:31:46 [TestNG-test-HrManagementTest-3] INFO  ActionsClass - Enter text on :Element with text: Admin
2025-11-11 06:31:46 [TestNG-test-HrManagementTest-3] INFO  ActionsClass - Enter text on :Element with text: admin123
2025-11-11 06:31:46 [TestNG-test-HrManagementTest-1] INFO  Base_Class - WebDriver initialized and Borwser maximized!
2025-11-11 06:31:46 [TestNG-test-HrManagementTest-1] TRACE Base_Class - This is a Trace message
2025-11-11 06:31:46 [TestNG-test-HrManagementTest-1] DEBUG Base_Class - This is a Debug message
2025-11-11 06:31:46 [TestNG-test-HrManagementTest-1] WARN  Base_Class - This is a Fatal message
2025-11-11 06:31:46 [TestNG-test-HrManagementTest-1] INFO  ActionsClass - WebDriver instance is created!
2025-11-11 06:31:46 [TestNG-test-HrManagementTest-1] INFO  Base_Class - ActionDriver initialized for thread: 29
2025-11-11 06:31:46 [TestNG-test-HrManagementTest-3] INFO  ActionsClass - Clicked an element-->Unable to describe the element
2025-11-11 06:31:47 [TestNG-test-HrManagementTest-1] INFO  Base_Class - WebDriver instance is closed.
2025-11-11 06:31:47 [TestNG-test-HrManagementTest-4] INFO  ActionsClass - Clicked an element-->Unable to describe the element
2025-11-11 06:31:52 [TestNG-test-HrManagementTest-3] INFO  ActionsClass - Element is displayed: Element with text:
2025-11-11 06:31:53 [TestNG-test-HrManagementTest-3] INFO  Base_Class - WebDriver instance is closed.
2025-11-11 06:32:03 [TestNG-test-HrManagementTest-4] INFO  Base_Class - WebDriver instance is closed.
2025-11-11 06:32:05 [TestNG-test-HrManagementTest-4] INFO  Base_Class - ChromeDriver instance is created!!
2025-11-11 06:32:14 [TestNG-test-HrManagementTest-4] INFO  Base_Class - WebDriver initialized and Borwser maximized!
2025-11-11 06:32:14 [TestNG-test-HrManagementTest-4] TRACE Base_Class - This is a Trace message
2025-11-11 06:32:14 [TestNG-test-HrManagementTest-4] DEBUG Base_Class - This is a Debug message
2025-11-11 06:32:14 [TestNG-test-HrManagementTest-4] WARN  Base_Class - This is a Fatal message
2025-11-11 06:32:14 [TestNG-test-HrManagementTest-4] INFO  ActionsClass - WebDriver instance is created!
2025-11-11 06:32:14 [TestNG-test-HrManagementTest-4] INFO  Base_Class - ActionDriver initialized for thread: 32
2025-11-11 06:32:14 [TestNG-test-HrManagementTest-4] INFO  ActionsClass - Enter text on :Element with text: admin
2025-11-11 06:32:14 [TestNG-test-HrManagementTest-4] INFO  ActionsClass - Enter text on :Element with text: admin
2025-11-11 06:32:14 [TestNG-test-HrManagementTest-4] INFO  ActionsClass - Clicked an element-->Unable to describe the element
2025-11-11 06:32:16 [TestNG-test-HrManagementTest-4] INFO  ActionsClass - Text are matching :Invalid credentials equals Invalid credentials
2025-11-11 06:32:17 [TestNG-test-HrManagementTest-4] INFO  Base_Class - WebDriver instance is closed.
2025-11-23 07:03:28 [main] INFO  Base_Class - config.properties file loaded!
2025-11-23 07:03:36 [TestNG-test-HrManagementTest-4] INFO  Base_Class - ChromeDriver instance is created!!
2025-11-23 07:03:36 [TestNG-test-HrManagementTest-1] INFO  Base_Class - ChromeDriver instance is created!!
2025-11-23 07:03:37 [TestNG-test-HrManagementTest-2] INFO  Base_Class - ChromeDriver instance is created!!
2025-11-23 07:03:40 [TestNG-test-HrManagementTest-3] INFO  Base_Class - ChromeDriver instance is created!!
2025-11-23 07:03:47 [TestNG-test-HrManagementTest-1] INFO  Base_Class - WebDriver initialized and Borwser maximized!
2025-11-23 07:03:47 [TestNG-test-HrManagementTest-1] TRACE Base_Class - This is a Trace message
2025-11-23 07:03:47 [TestNG-test-HrManagementTest-1] DEBUG Base_Class - This is a Debug message
2025-11-23 07:03:47 [TestNG-test-HrManagementTest-1] WARN  Base_Class - This is a Fatal message
2025-11-23 07:03:47 [TestNG-test-HrManagementTest-1] INFO  ActionsClass - WebDriver instance is created!
2025-11-23 07:03:47 [TestNG-test-HrManagementTest-1] INFO  Base_Class - ActionDriver initialized for thread: 29
2025-11-23 07:03:48 [TestNG-test-HrManagementTest-2] INFO  Base_Class - WebDriver initialized and Borwser maximized!
2025-11-23 07:03:48 [TestNG-test-HrManagementTest-2] TRACE Base_Class - This is a Trace message
2025-11-23 07:03:48 [TestNG-test-HrManagementTest-2] DEBUG Base_Class - This is a Debug message
2025-11-23 07:03:48 [TestNG-test-HrManagementTest-2] WARN  Base_Class - This is a Fatal message
2025-11-23 07:03:48 [TestNG-test-HrManagementTest-2] INFO  ActionsClass - WebDriver instance is created!
2025-11-23 07:03:48 [TestNG-test-HrManagementTest-2] INFO  Base_Class - ActionDriver initialized for thread: 30
2025-11-23 07:03:50 [TestNG-test-HrManagementTest-1] INFO  Base_Class - WebDriver instance is closed.
2025-11-23 07:03:50 [TestNG-test-HrManagementTest-2] INFO  Base_Class - WebDriver instance is closed.
2025-11-23 07:03:50 [TestNG-test-HrManagementTest-3] INFO  Base_Class - WebDriver initialized and Borwser maximized!
2025-11-23 07:03:50 [TestNG-test-HrManagementTest-3] TRACE Base_Class - This is a Trace message
2025-11-23 07:03:50 [TestNG-test-HrManagementTest-3] DEBUG Base_Class - This is a Debug message
2025-11-23 07:03:50 [TestNG-test-HrManagementTest-3] WARN  Base_Class - This is a Fatal message
2025-11-23 07:03:50 [TestNG-test-HrManagementTest-3] INFO  ActionsClass - WebDriver instance is created!
2025-11-23 07:03:50 [TestNG-test-HrManagementTest-3] INFO  Base_Class - ActionDriver initialized for thread: 31
2025-11-23 07:03:50 [TestNG-test-HrManagementTest-3] INFO  ActionsClass - Enter text on :Element with text: Admin
2025-11-23 07:03:51 [TestNG-test-HrManagementTest-3] INFO  ActionsClass - Enter text on :Element with text: admin123
2025-11-23 07:03:51 [TestNG-test-HrManagementTest-3] INFO  ActionsClass - Clicked an element-->Unable to describe the element
2025-11-23 07:03:52 [TestNG-test-HrManagementTest-4] INFO  Base_Class - WebDriver initialized and Borwser maximized!
2025-11-23 07:03:52 [TestNG-test-HrManagementTest-4] TRACE Base_Class - This is a Trace message
2025-11-23 07:03:52 [TestNG-test-HrManagementTest-4] DEBUG Base_Class - This is a Debug message
2025-11-23 07:03:52 [TestNG-test-HrManagementTest-4] WARN  Base_Class - This is a Fatal message
2025-11-23 07:03:52 [TestNG-test-HrManagementTest-4] INFO  ActionsClass - WebDriver instance is created!
2025-11-23 07:03:52 [TestNG-test-HrManagementTest-4] INFO  Base_Class - ActionDriver initialized for thread: 32
2025-11-23 07:03:52 [TestNG-test-HrManagementTest-4] INFO  ActionsClass - Enter text on :Element with text: Admin
2025-11-23 07:03:53 [TestNG-test-HrManagementTest-4] INFO  ActionsClass - Enter text on :Element with text: admin123
2025-11-23 07:03:53 [TestNG-test-HrManagementTest-3] INFO  ActionsClass - Element is displayed: Element with text:
2025-11-23 07:03:55 [TestNG-test-HrManagementTest-4] INFO  ActionsClass - Clicked an element-->Unable to describe the element
2025-11-23 07:03:56 [TestNG-test-HrManagementTest-4] INFO  ActionsClass - Element is displayed: Unable to describe the element
2025-11-23 07:03:56 [TestNG-test-HrManagementTest-3] INFO  Base_Class - WebDriver instance is closed.
2025-11-23 07:04:39 [TestNG-test-HrManagementTest-4] INFO  Base_Class - WebDriver instance is closed.
2025-11-23 07:04:43 [TestNG-test-HrManagementTest-4] INFO  Base_Class - ChromeDriver instance is created!!
2025-11-23 07:04:53 [TestNG-test-HrManagementTest-4] INFO  Base_Class - WebDriver initialized and Borwser maximized!
2025-11-23 07:04:53 [TestNG-test-HrManagementTest-4] TRACE Base_Class - This is a Trace message
2025-11-23 07:04:53 [TestNG-test-HrManagementTest-4] DEBUG Base_Class - This is a Debug message
2025-11-23 07:04:53 [TestNG-test-HrManagementTest-4] WARN  Base_Class - This is a Fatal message
2025-11-23 07:04:53 [TestNG-test-HrManagementTest-4] INFO  ActionsClass - WebDriver instance is created!
2025-11-23 07:04:53 [TestNG-test-HrManagementTest-4] INFO  Base_Class - ActionDriver initialized for thread: 32
2025-11-23 07:04:53 [TestNG-test-HrManagementTest-4] INFO  ActionsClass - Enter text on :Element with text: admin
2025-11-23 07:04:53 [TestNG-test-HrManagementTest-4] INFO  ActionsClass - Enter text on :Element with text: admin
2025-11-23 07:04:53 [TestNG-test-HrManagementTest-4] INFO  ActionsClass - Clicked an element-->Unable to describe the element
2025-11-23 07:04:55 [TestNG-test-HrManagementTest-4] INFO  ActionsClass - Text are matching :Invalid credentials equals Invalid credentials
2025-11-23 07:04:56 [TestNG-test-HrManagementTest-4] INFO  Base_Class - WebDriver instance is closed.
