13:29:45.553 [main] DEBUG org.testng.TestNG - suiteXmlPath: "C:\Users\User\eclipse-workspace\HR_Management_System\src\test\resources\testng.xml"
13:29:45.582 [main] WARN  org.testng.xml.TestNGContentHandler - It is strongly recommended to add "<!DOCTYPE suite SYSTEM "https://testng.org/testng-1.1.dtd" >" at the top of the suite file [C:\Users\User\eclipse-workspace\HR_Management_System\src\test\resources\testng.xml] otherwise TestNG may fail or not work as expected.
13:29:45.969 [main] INFO  org.testng.internal.Utils - [TestNG] Running:
  C:\Users\User\eclipse-workspace\HR_Management_System\src\test\resources\testng.xml

13:29:46.068 [main] INFO  com.utilities.LoggerManager - Config.properties file loaded
13:29:48.392 [main] INFO  com.utilities.LoggerManager - Chrome driver initialized!
13:29:48.465 [main] INFO  com.utilities.LoggerManager - WebDRiver initialized and browser maximized
13:29:54.435 [main] INFO  com.utilities.LoggerManager - WebDriver instance is created!
13:29:54.437 [main] INFO  com.utilities.LoggerManager - WebDriver instance is created!
13:29:55.152 [main] INFO  com.utilities.LoggerManager - Clicked an element!
13:30:17.029 [main] ERROR com.utilities.LoggerManager - Unable to click element!
13:30:37.114 [main] ERROR com.utilities.LoggerManager - Unable to click element!
13:30:39.556 [main] INFO  com.utilities.LoggerManager - Config.properties file loaded
13:30:41.021 [main] INFO  com.utilities.LoggerManager - Chrome driver initialized!
13:30:41.293 [main] INFO  com.utilities.LoggerManager - WebDRiver initialized and browser maximized
13:30:47.683 [main] INFO  com.utilities.LoggerManager - WebDriver instance is created!
13:30:47.684 [main] INFO  com.utilities.LoggerManager - WebDriver instance is created!
13:30:49.504 [main] INFO  com.utilities.LoggerManager - Clicked an element!
11:22:16.357 [main] DEBUG org.testng.TestNG - suiteXmlPath: "C:\Users\User\eclipse-workspace\HR_Management_System\src\test\resources\testng.xml"
11:22:16.413 [main] WARN  org.testng.xml.TestNGContentHandler - It is strongly recommended to add "<!DOCTYPE suite SYSTEM "https://testng.org/testng-1.1.dtd" >" at the top of the suite file [C:\Users\User\eclipse-workspace\HR_Management_System\src\test\resources\testng.xml] otherwise TestNG may fail or not work as expected.
11:22:17.105 [main] INFO  org.testng.internal.Utils - [TestNG] Running:
  C:\Users\User\eclipse-workspace\HR_Management_System\src\test\resources\testng.xml

11:22:17.277 [TestNG-test-HrManagementTest-1] INFO  com.utilities.LoggerManager - Config.properties file loaded
11:22:17.277 [TestNG-test-HrManagementTest-2] INFO  com.utilities.LoggerManager - Config.properties file loaded
11:22:23.573 [TestNG-test-HrManagementTest-1] INFO  com.utilities.LoggerManager - Chrome driver initialized!
11:22:23.572 [TestNG-test-HrManagementTest-2] INFO  com.utilities.LoggerManager - Chrome driver initialized!
11:22:23.904 [TestNG-test-HrManagementTest-2] INFO  com.utilities.LoggerManager - WebDRiver initialized and browser maximized
11:22:23.917 [TestNG-test-HrManagementTest-1] INFO  com.utilities.LoggerManager - WebDRiver initialized and browser maximized
11:22:30.206 [TestNG-test-HrManagementTest-2] INFO  com.utilities.LoggerManager - WebDriver instance is created!
11:22:30.209 [TestNG-test-HrManagementTest-2] INFO  com.utilities.LoggerManager - WebDriver instance is created!
11:22:30.683 [TestNG-test-HrManagementTest-1] INFO  com.utilities.LoggerManager - WebDriver instance is created!
11:22:30.684 [TestNG-test-HrManagementTest-1] INFO  com.utilities.LoggerManager - WebDriver instance is created!
11:22:31.059 [TestNG-test-HrManagementTest-2] INFO  com.utilities.LoggerManager - Clicked an element!
11:22:33.199 [TestNG-test-HrManagementTest-1] INFO  com.utilities.LoggerManager - Clicked an element!
11:22:53.801 [TestNG-test-HrManagementTest-2] ERROR com.utilities.LoggerManager - Unable to click element!
11:23:13.925 [TestNG-test-HrManagementTest-2] ERROR com.utilities.LoggerManager - Unable to click element!
11:23:16.482 [TestNG-test-HrManagementTest-2] INFO  com.utilities.LoggerManager - Config.properties file loaded
11:23:17.978 [TestNG-test-HrManagementTest-2] INFO  com.utilities.LoggerManager - Chrome driver initialized!
11:23:18.222 [TestNG-test-HrManagementTest-2] INFO  com.utilities.LoggerManager - WebDRiver initialized and browser maximized
11:23:24.877 [TestNG-test-HrManagementTest-2] INFO  com.utilities.LoggerManager - WebDriver instance is created!
11:23:24.878 [TestNG-test-HrManagementTest-2] INFO  com.utilities.LoggerManager - WebDriver instance is created!
11:23:25.664 [TestNG-test-HrManagementTest-2] INFO  com.utilities.LoggerManager - Clicked an element!
15:50:18.087 [main] DEBUG org.testng.TestNG - suiteXmlPath: "C:\Users\User\eclipse-workspace\HR_Management_System\src\test\resources\testng.xml"
15:50:18.127 [main] WARN  org.testng.xml.TestNGContentHandler - It is strongly recommended to add "<!DOCTYPE suite SYSTEM "https://testng.org/testng-1.1.dtd" >" at the top of the suite file [C:\Users\User\eclipse-workspace\HR_Management_System\src\test\resources\testng.xml] otherwise TestNG may fail or not work as expected.
15:50:18.581 [main] INFO  org.testng.internal.Utils - [TestNG] Running:
  C:\Users\User\eclipse-workspace\HR_Management_System\src\test\resources\testng.xml

15:50:18.717 [TestNG-test-HrManagementTest-2] INFO  com.utilities.LoggerManager - Config.properties file loaded
15:50:18.717 [TestNG-test-HrManagementTest-1] INFO  com.utilities.LoggerManager - Config.properties file loaded
15:50:25.908 [TestNG-test-HrManagementTest-2] INFO  com.utilities.LoggerManager - Chrome driver initialized!
15:50:25.909 [TestNG-test-HrManagementTest-1] INFO  com.utilities.LoggerManager - Chrome driver initialized!
15:50:26.341 [TestNG-test-HrManagementTest-2] INFO  com.utilities.LoggerManager - WebDRiver initialized and browser maximized
15:50:26.436 [TestNG-test-HrManagementTest-1] INFO  com.utilities.LoggerManager - WebDRiver initialized and browser maximized
15:50:33.182 [TestNG-test-HrManagementTest-1] INFO  com.utilities.LoggerManager - WebDriver instance is created!
15:50:33.185 [TestNG-test-HrManagementTest-1] INFO  com.utilities.LoggerManager - WebDriver instance is created!
15:50:33.203 [TestNG-test-HrManagementTest-2] INFO  com.utilities.LoggerManager - WebDriver instance is created!
15:50:33.204 [TestNG-test-HrManagementTest-2] INFO  com.utilities.LoggerManager - WebDriver instance is created!
15:50:35.591 [TestNG-test-HrManagementTest-2] INFO  com.utilities.LoggerManager - Clicked an element!
15:50:35.879 [TestNG-test-HrManagementTest-1] INFO  com.utilities.LoggerManager - Clicked an element!
15:50:56.467 [TestNG-test-HrManagementTest-2] ERROR com.utilities.LoggerManager - Unable to click element!
15:51:16.590 [TestNG-test-HrManagementTest-2] ERROR com.utilities.LoggerManager - Unable to click element!
15:51:19.021 [TestNG-test-HrManagementTest-2] INFO  com.utilities.LoggerManager - Config.properties file loaded
15:51:21.075 [TestNG-test-HrManagementTest-2] INFO  com.utilities.LoggerManager - Chrome driver initialized!
15:51:21.253 [TestNG-test-HrManagementTest-2] INFO  com.utilities.LoggerManager - WebDRiver initialized and browser maximized
15:51:28.061 [TestNG-test-HrManagementTest-2] INFO  com.utilities.LoggerManager - WebDriver instance is created!
15:51:28.061 [TestNG-test-HrManagementTest-2] INFO  com.utilities.LoggerManager - WebDriver instance is created!
15:51:28.560 [TestNG-test-HrManagementTest-2] INFO  com.utilities.LoggerManager - Clicked an element!
16:03:29.191 [main] DEBUG org.testng.TestNG - suiteXmlPath: "C:\Users\User\eclipse-workspace\HR_Management_System\src\test\resources\testng.xml"
16:03:29.268 [main] WARN  org.testng.xml.TestNGContentHandler - It is strongly recommended to add "<!DOCTYPE suite SYSTEM "https://testng.org/testng-1.1.dtd" >" at the top of the suite file [C:\Users\User\eclipse-workspace\HR_Management_System\src\test\resources\testng.xml] otherwise TestNG may fail or not work as expected.
16:03:30.045 [main] INFO  org.testng.internal.Utils - [TestNG] Running:
  C:\Users\User\eclipse-workspace\HR_Management_System\src\test\resources\testng.xml

16:03:30.565 [TestNG-test-HrManagementTest-2] INFO  com.utilities.LoggerManager - Config.properties file loaded
16:03:30.569 [TestNG-test-HrManagementTest-1] INFO  com.utilities.LoggerManager - Config.properties file loaded
16:03:36.502 [TestNG-test-HrManagementTest-1] INFO  com.utilities.LoggerManager - Chrome driver initialized!
16:03:36.900 [TestNG-test-HrManagementTest-1] INFO  com.utilities.LoggerManager - WebDRiver initialized and browser maximized
16:03:36.994 [TestNG-test-HrManagementTest-2] INFO  com.utilities.LoggerManager - Chrome driver initialized!
16:03:37.709 [TestNG-test-HrManagementTest-2] INFO  com.utilities.LoggerManager - WebDRiver initialized and browser maximized
16:03:45.058 [TestNG-test-HrManagementTest-1] INFO  com.utilities.LoggerManager - WebDriver instance is created!
16:03:45.060 [TestNG-test-HrManagementTest-1] INFO  com.utilities.LoggerManager - WebDriver instance is created!
16:03:45.513 [TestNG-test-HrManagementTest-2] INFO  com.utilities.LoggerManager - WebDriver instance is created!
16:03:45.514 [TestNG-test-HrManagementTest-2] INFO  com.utilities.LoggerManager - WebDriver instance is created!
16:03:48.334 [TestNG-test-HrManagementTest-2] INFO  com.utilities.LoggerManager - Config.properties file loaded
16:03:50.519 [TestNG-test-HrManagementTest-2] INFO  com.utilities.LoggerManager - Chrome driver initialized!
16:03:51.076 [TestNG-test-HrManagementTest-2] INFO  com.utilities.LoggerManager - WebDRiver initialized and browser maximized
16:03:57.915 [TestNG-test-HrManagementTest-2] INFO  com.utilities.LoggerManager - WebDriver instance is created!
16:03:57.916 [TestNG-test-HrManagementTest-2] INFO  com.utilities.LoggerManager - WebDriver instance is created!
16:05:04.996 [main] DEBUG org.testng.TestNG - suiteXmlPath: "C:\Users\User\eclipse-workspace\HR_Management_System\src\test\resources\testng.xml"
16:05:05.028 [main] WARN  org.testng.xml.TestNGContentHandler - It is strongly recommended to add "<!DOCTYPE suite SYSTEM "https://testng.org/testng-1.1.dtd" >" at the top of the suite file [C:\Users\User\eclipse-workspace\HR_Management_System\src\test\resources\testng.xml] otherwise TestNG may fail or not work as expected.
16:05:05.440 [main] INFO  org.testng.internal.Utils - [TestNG] Running:
  C:\Users\User\eclipse-workspace\HR_Management_System\src\test\resources\testng.xml

16:05:05.566 [TestNG-test-HrManagementTest-1] INFO  com.utilities.LoggerManager - Config.properties file loaded
16:05:05.566 [TestNG-test-HrManagementTest-2] INFO  com.utilities.LoggerManager - Config.properties file loaded
16:05:08.844 [TestNG-test-HrManagementTest-1] INFO  com.utilities.LoggerManager - Chrome driver initialized!
16:05:08.844 [TestNG-test-HrManagementTest-2] INFO  com.utilities.LoggerManager - Chrome driver initialized!
16:05:09.159 [TestNG-test-HrManagementTest-2] INFO  com.utilities.LoggerManager - WebDRiver initialized and browser maximized
16:05:09.172 [TestNG-test-HrManagementTest-1] INFO  com.utilities.LoggerManager - WebDRiver initialized and browser maximized
16:05:15.038 [TestNG-test-HrManagementTest-2] INFO  com.utilities.LoggerManager - WebDriver instance is created!
16:05:15.040 [TestNG-test-HrManagementTest-2] INFO  com.utilities.LoggerManager - WebDriver instance is created!
16:05:15.432 [TestNG-test-HrManagementTest-2] INFO  com.utilities.LoggerManager - Config.properties file loaded
16:05:16.075 [TestNG-test-HrManagementTest-1] INFO  com.utilities.LoggerManager - WebDriver instance is created!
16:05:16.075 [TestNG-test-HrManagementTest-1] INFO  com.utilities.LoggerManager - WebDriver instance is created!
16:05:17.350 [TestNG-test-HrManagementTest-2] INFO  com.utilities.LoggerManager - Chrome driver initialized!
16:05:17.455 [TestNG-test-HrManagementTest-2] INFO  com.utilities.LoggerManager - WebDRiver initialized and browser maximized
16:05:24.822 [TestNG-test-HrManagementTest-2] INFO  com.utilities.LoggerManager - WebDriver instance is created!
16:05:24.824 [TestNG-test-HrManagementTest-2] INFO  com.utilities.LoggerManager - WebDriver instance is created!
16:05:50.513 [main] DEBUG org.testng.TestNG - suiteXmlPath: "C:\Users\User\eclipse-workspace\HR_Management_System\src\test\resources\testng.xml"
16:05:50.553 [main] WARN  org.testng.xml.TestNGContentHandler - It is strongly recommended to add "<!DOCTYPE suite SYSTEM "https://testng.org/testng-1.1.dtd" >" at the top of the suite file [C:\Users\User\eclipse-workspace\HR_Management_System\src\test\resources\testng.xml] otherwise TestNG may fail or not work as expected.
16:05:51.087 [main] INFO  org.testng.internal.Utils - [TestNG] Running:
  C:\Users\User\eclipse-workspace\HR_Management_System\src\test\resources\testng.xml

16:05:51.256 [main] INFO  com.utilities.LoggerManager - Config.properties file loaded
16:05:55.326 [main] INFO  com.utilities.LoggerManager - Chrome driver initialized!
16:05:55.646 [main] INFO  com.utilities.LoggerManager - WebDRiver initialized and browser maximized
16:06:02.167 [main] INFO  com.utilities.LoggerManager - WebDriver instance is created!
16:06:02.168 [main] INFO  com.utilities.LoggerManager - WebDriver instance is created!
16:06:02.620 [main] INFO  com.utilities.LoggerManager - Config.properties file loaded
16:06:04.112 [main] INFO  com.utilities.LoggerManager - Chrome driver initialized!
16:06:04.272 [main] INFO  com.utilities.LoggerManager - WebDRiver initialized and browser maximized
16:06:10.875 [main] INFO  com.utilities.LoggerManager - WebDriver instance is created!
16:06:10.875 [main] INFO  com.utilities.LoggerManager - WebDriver instance is created!
16:06:11.277 [main] INFO  com.utilities.LoggerManager - Config.properties file loaded
16:06:12.488 [main] INFO  com.utilities.LoggerManager - Chrome driver initialized!
16:06:12.666 [main] INFO  com.utilities.LoggerManager - WebDRiver initialized and browser maximized
16:06:19.094 [main] INFO  com.utilities.LoggerManager - WebDriver instance is created!
16:06:19.094 [main] INFO  com.utilities.LoggerManager - WebDriver instance is created!
16:08:32.691 [main] DEBUG org.testng.TestNG - suiteXmlPath: "C:\Users\User\eclipse-workspace\HR_Management_System\src\test\resources\testng.xml"
16:08:32.727 [main] WARN  org.testng.xml.TestNGContentHandler - It is strongly recommended to add "<!DOCTYPE suite SYSTEM "https://testng.org/testng-1.1.dtd" >" at the top of the suite file [C:\Users\User\eclipse-workspace\HR_Management_System\src\test\resources\testng.xml] otherwise TestNG may fail or not work as expected.
16:08:33.145 [main] INFO  org.testng.internal.Utils - [TestNG] Running:
  C:\Users\User\eclipse-workspace\HR_Management_System\src\test\resources\testng.xml

16:08:33.252 [TestNG-test-HrManagementTest-1] INFO  com.utilities.LoggerManager - Config.properties file loaded
16:08:33.252 [TestNG-test-HrManagementTest-2] INFO  com.utilities.LoggerManager - Config.properties file loaded
16:08:38.545 [TestNG-test-HrManagementTest-2] INFO  com.utilities.LoggerManager - Chrome driver initialized!
16:08:38.566 [TestNG-test-HrManagementTest-1] INFO  com.utilities.LoggerManager - Chrome driver initialized!
16:08:38.809 [TestNG-test-HrManagementTest-2] INFO  com.utilities.LoggerManager - WebDRiver initialized and browser maximized
16:08:39.159 [TestNG-test-HrManagementTest-1] INFO  com.utilities.LoggerManager - WebDRiver initialized and browser maximized
16:08:45.246 [TestNG-test-HrManagementTest-2] INFO  com.utilities.LoggerManager - WebDriver instance is created!
16:08:45.248 [TestNG-test-HrManagementTest-2] INFO  com.utilities.LoggerManager - WebDriver instance is created!
16:08:45.413 [TestNG-test-HrManagementTest-1] INFO  com.utilities.LoggerManager - WebDriver instance is created!
16:08:45.415 [TestNG-test-HrManagementTest-1] INFO  com.utilities.LoggerManager - WebDriver instance is created!
16:08:46.147 [TestNG-test-HrManagementTest-2] INFO  com.utilities.LoggerManager - Config.properties file loaded
16:08:48.170 [TestNG-test-HrManagementTest-2] INFO  com.utilities.LoggerManager - Chrome driver initialized!
16:08:48.339 [TestNG-test-HrManagementTest-2] INFO  com.utilities.LoggerManager - WebDRiver initialized and browser maximized
16:08:54.723 [TestNG-test-HrManagementTest-2] INFO  com.utilities.LoggerManager - WebDriver instance is created!
16:08:54.723 [TestNG-test-HrManagementTest-2] INFO  com.utilities.LoggerManager - WebDriver instance is created!
16:11:24.929 [main] DEBUG org.testng.TestNG - suiteXmlPath: "C:\Users\User\eclipse-workspace\HR_Management_System\src\test\resources\testng.xml"
16:11:24.965 [main] WARN  org.testng.xml.TestNGContentHandler - It is strongly recommended to add "<!DOCTYPE suite SYSTEM "https://testng.org/testng-1.1.dtd" >" at the top of the suite file [C:\Users\User\eclipse-workspace\HR_Management_System\src\test\resources\testng.xml] otherwise TestNG may fail or not work as expected.
16:11:25.402 [main] INFO  org.testng.internal.Utils - [TestNG] Running:
  C:\Users\User\eclipse-workspace\HR_Management_System\src\test\resources\testng.xml

16:11:25.518 [TestNG-test-HrManagementTest-1] INFO  com.utilities.LoggerManager - Config.properties file loaded
16:11:25.518 [TestNG-test-HrManagementTest-2] INFO  com.utilities.LoggerManager - Config.properties file loaded
16:11:29.439 [TestNG-test-HrManagementTest-2] INFO  com.utilities.LoggerManager - Chrome driver initialized!
16:11:29.499 [TestNG-test-HrManagementTest-1] INFO  com.utilities.LoggerManager - Chrome driver initialized!
16:11:29.845 [TestNG-test-HrManagementTest-2] INFO  com.utilities.LoggerManager - WebDRiver initialized and browser maximized
16:11:30.002 [TestNG-test-HrManagementTest-1] INFO  com.utilities.LoggerManager - WebDRiver initialized and browser maximized
16:11:36.463 [TestNG-test-HrManagementTest-1] INFO  com.utilities.LoggerManager - WebDriver instance is created!
16:11:36.466 [TestNG-test-HrManagementTest-1] INFO  com.utilities.LoggerManager - WebDriver instance is created!
16:11:36.709 [TestNG-test-HrManagementTest-2] INFO  com.utilities.LoggerManager - WebDriver instance is created!
16:11:36.709 [TestNG-test-HrManagementTest-2] INFO  com.utilities.LoggerManager - WebDriver instance is created!
16:11:37.183 [TestNG-test-HrManagementTest-2] INFO  com.utilities.LoggerManager - Config.properties file loaded
16:11:39.355 [TestNG-test-HrManagementTest-2] INFO  com.utilities.LoggerManager - Chrome driver initialized!
16:11:39.618 [TestNG-test-HrManagementTest-2] INFO  com.utilities.LoggerManager - WebDRiver initialized and browser maximized
16:11:46.243 [TestNG-test-HrManagementTest-2] INFO  com.utilities.LoggerManager - WebDriver instance is created!
16:11:46.244 [TestNG-test-HrManagementTest-2] INFO  com.utilities.LoggerManager - WebDriver instance is created!
15:40:48.807 [main] DEBUG org.testng.TestNG - suiteXmlPath: "C:\Users\User\eclipse-workspace\HR_Management_System\src\test\resources\testng.xml"
15:40:48.863 [main] WARN  org.testng.xml.TestNGContentHandler - It is strongly recommended to add "<!DOCTYPE suite SYSTEM "https://testng.org/testng-1.1.dtd" >" at the top of the suite file [C:\Users\User\eclipse-workspace\HR_Management_System\src\test\resources\testng.xml] otherwise TestNG may fail or not work as expected.
15:40:50.035 [main] INFO  org.testng.internal.Utils - [TestNG] Running:
  C:\Users\User\eclipse-workspace\HR_Management_System\src\test\resources\testng.xml

15:40:50.299 [TestNG-test-HrManagementTest-2] INFO  com.utilities.LoggerManager - Config.properties file loaded
15:40:50.306 [TestNG-test-HrManagementTest-1] INFO  com.utilities.LoggerManager - Config.properties file loaded
15:41:17.948 [main] DEBUG org.testng.TestNG - suiteXmlPath: "C:\Users\User\eclipse-workspace\HR_Management_System\src\test\resources\testng.xml"
15:41:17.995 [main] WARN  org.testng.xml.TestNGContentHandler - It is strongly recommended to add "<!DOCTYPE suite SYSTEM "https://testng.org/testng-1.1.dtd" >" at the top of the suite file [C:\Users\User\eclipse-workspace\HR_Management_System\src\test\resources\testng.xml] otherwise TestNG may fail or not work as expected.
15:41:18.642 [main] INFO  org.testng.internal.Utils - [TestNG] Running:
  C:\Users\User\eclipse-workspace\HR_Management_System\src\test\resources\testng.xml

15:41:18.798 [TestNG-test-HrManagementTest-1] INFO  com.utilities.LoggerManager - Config.properties file loaded
15:41:18.837 [TestNG-test-HrManagementTest-2] INFO  com.utilities.LoggerManager - Config.properties file loaded
15:42:00.458 [main] DEBUG org.testng.TestNG - suiteXmlPath: "C:\Users\User\eclipse-workspace\HR_Management_System\src\test\resources\testng.xml"
15:42:00.487 [main] WARN  org.testng.xml.TestNGContentHandler - It is strongly recommended to add "<!DOCTYPE suite SYSTEM "https://testng.org/testng-1.1.dtd" >" at the top of the suite file [C:\Users\User\eclipse-workspace\HR_Management_System\src\test\resources\testng.xml] otherwise TestNG may fail or not work as expected.
15:42:00.888 [main] INFO  org.testng.internal.Utils - [TestNG] Running:
  C:\Users\User\eclipse-workspace\HR_Management_System\src\test\resources\testng.xml

15:42:01.004 [TestNG-test-HrManagementTest-1] INFO  com.utilities.LoggerManager - Config.properties file loaded
15:42:01.004 [TestNG-test-HrManagementTest-2] INFO  com.utilities.LoggerManager - Config.properties file loaded
16:00:55.755 [main] DEBUG org.testng.TestNG - suiteXmlPath: "C:\Users\User\eclipse-workspace\HR_Management_System\src\test\resources\testng.xml"
16:00:55.799 [main] WARN  org.testng.xml.TestNGContentHandler - It is strongly recommended to add "<!DOCTYPE suite SYSTEM "https://testng.org/testng-1.1.dtd" >" at the top of the suite file [C:\Users\User\eclipse-workspace\HR_Management_System\src\test\resources\testng.xml] otherwise TestNG may fail or not work as expected.
16:00:56.275 [main] INFO  org.testng.internal.Utils - [TestNG] Running:
  C:\Users\User\eclipse-workspace\HR_Management_System\src\test\resources\testng.xml

16:00:56.395 [TestNG-test-HrManagementTest-1] INFO  com.utilities.LoggerManager - Config.properties file loaded
16:00:56.395 [TestNG-test-HrManagementTest-2] INFO  com.utilities.LoggerManager - Config.properties file loaded
08:20:13.916 [main] DEBUG org.testng.TestNG - suiteXmlPath: "C:\Users\User\AppData\Local\Temp\testng-eclipse--912935160\testng-customsuite.xml"
08:20:14.331 [main] INFO  org.testng.internal.Utils - [Utils] MethodGroupsHelper.collectMethodsByGroup() took 1 ms.
08:20:14.335 [main] INFO  org.testng.internal.Utils - [Utils] MethodGroupsHelper.sortMethods() took 2 ms.
08:20:14.337 [main] INFO  org.testng.internal.Utils - [Utils] MethodGroupsHelper.collectMethodsByGroup() took 0 ms.
08:20:14.337 [main] INFO  org.testng.internal.Utils - [Utils] MethodGroupsHelper.sortMethods() took 0 ms.
08:20:14.338 [main] INFO  org.testng.internal.Utils - [Utils] MethodGroupsHelper.collectMethodsByGroup() took 0 ms.
08:20:14.338 [main] INFO  org.testng.internal.Utils - [Utils] MethodGroupsHelper.sortMethods() took 0 ms.
08:20:14.339 [main] INFO  org.testng.internal.Utils - [Utils] MethodGroupsHelper.collectMethodsByGroup() took 0 ms.
08:20:14.339 [main] INFO  org.testng.internal.Utils - [Utils] MethodGroupsHelper.sortMethods() took 0 ms.
08:20:14.340 [main] INFO  org.testng.internal.Utils - [Utils] MethodGroupsHelper.collectMethodsByGroup() took 0 ms.
08:20:14.340 [main] INFO  org.testng.internal.Utils - [Utils] MethodGroupsHelper.sortMethods() took 0 ms.
08:20:14.341 [main] INFO  org.testng.internal.Utils - [Utils] MethodGroupsHelper.collectMethodsByGroup() took 0 ms.
08:20:14.341 [main] INFO  org.testng.internal.Utils - [Utils] MethodGroupsHelper.sortMethods() took 0 ms.
08:20:14.342 [main] INFO  org.testng.internal.Utils - [Utils] MethodGroupsHelper.collectMethodsByGroup() took 0 ms.
08:20:14.342 [main] INFO  org.testng.internal.Utils - [Utils] MethodGroupsHelper.sortMethods() took 0 ms.
08:20:14.343 [main] INFO  org.testng.internal.Utils - [Utils] MethodGroupsHelper.collectMethodsByGroup() took 0 ms.
08:20:14.343 [main] INFO  org.testng.internal.Utils - [Utils] MethodGroupsHelper.sortMethods() took 0 ms.
08:20:14.358 [main] INFO  org.testng.internal.Utils - [Utils] MethodGroupsHelper.collectMethodsByGroup() took 7 ms.
08:20:14.376 [main] INFO  org.testng.internal.Utils - [Utils] MethodGroupsHelper.sortMethods() took 18 ms.
08:20:14.379 [main] INFO  org.testng.internal.Utils - [Utils] MethodGroupsHelper.collectMethodsByGroup() took 0 ms.
08:20:14.379 [main] INFO  org.testng.internal.Utils - [Utils] MethodGroupsHelper.sortMethods() took 0 ms.
08:20:14.384 [main] INFO  org.testng.internal.Utils - [Utils] MethodGroupsHelper.collectMethodsByGroup() took 0 ms.
08:20:14.384 [main] INFO  org.testng.internal.Utils - [Utils] MethodGroupsHelper.sortMethods() took 0 ms.
08:20:14.385 [main] INFO  org.testng.internal.Utils - [Utils] MethodGroupsHelper.collectMethodsByGroup() took 0 ms.
08:20:14.385 [main] INFO  org.testng.internal.Utils - [Utils] MethodGroupsHelper.sortMethods() took 0 ms.
08:20:14.386 [main] INFO  org.testng.internal.Utils - [Utils] MethodGroupsHelper.collectMethodsByGroup() took 0 ms.
08:20:14.387 [main] INFO  org.testng.internal.Utils - [Utils] MethodGroupsHelper.sortMethods() took 0 ms.
08:20:14.388 [main] INFO  org.testng.internal.Utils - [Utils] MethodGroupsHelper.collectMethodsByGroup() took 0 ms.
08:20:14.389 [main] INFO  org.testng.internal.Utils - [Utils] MethodGroupsHelper.sortMethods() took 0 ms.
08:20:14.389 [main] INFO  org.testng.internal.Utils - [Utils] MethodGroupsHelper.collectMethodsByGroup() took 0 ms.
08:20:14.389 [main] INFO  org.testng.internal.Utils - [Utils] MethodGroupsHelper.sortMethods() took 0 ms.
08:20:14.405 [main] INFO  org.testng.internal.Utils - [TestNG] Running:
  C:\Users\User\AppData\Local\Temp\testng-eclipse--912935160\testng-customsuite.xml

08:20:14.449 [main] INFO  org.testng.internal.Utils - [Utils] DynamicGraphHelper.createDynamicGraph() took 8 ms.
08:20:24.643 [main] INFO  org.testng.internal.Utils - [TestNG] Time taken by org.testng.reporters.jq.Main@365553de: 217 ms
08:20:24.645 [main] INFO  org.testng.internal.Utils - [TestNG] Time taken by org.testng.reporters.FailedReporter@34a0ef00: 1 ms
08:20:24.663 [main] INFO  org.testng.internal.Utils - [TestNG] Time taken by org.testng.reporters.XMLReporter@597f48df: 18 ms
08:20:24.670 [main] INFO  org.testng.internal.Utils - [TestNG] Time taken by org.testng.reporters.EmailableReporter2@421a4ee1: 7 ms
08:20:24.684 [main] INFO  org.testng.internal.Utils - [TestNG] Time taken by org.testng.reporters.JUnitReportReporter@6441c486: 13 ms
08:20:24.684 [main] INFO  org.testng.internal.Utils - [TestNG] Time taken by org.testng.internal.ExitCodeListener@834831b: 0 ms
08:20:46.603 [main] DEBUG org.testng.TestNG - suiteXmlPath: "C:\Users\User\AppData\Local\Temp\testng-eclipse--695506059\testng-customsuite.xml"
08:20:46.939 [main] INFO  org.testng.internal.Utils - [Utils] MethodGroupsHelper.collectMethodsByGroup() took 1 ms.
08:20:46.942 [main] INFO  org.testng.internal.Utils - [Utils] MethodGroupsHelper.sortMethods() took 1 ms.
08:20:46.944 [main] INFO  org.testng.internal.Utils - [Utils] MethodGroupsHelper.collectMethodsByGroup() took 0 ms.
08:20:46.945 [main] INFO  org.testng.internal.Utils - [Utils] MethodGroupsHelper.sortMethods() took 0 ms.
08:20:46.946 [main] INFO  org.testng.internal.Utils - [Utils] MethodGroupsHelper.collectMethodsByGroup() took 0 ms.
08:20:46.946 [main] INFO  org.testng.internal.Utils - [Utils] MethodGroupsHelper.sortMethods() took 0 ms.
08:20:46.947 [main] INFO  org.testng.internal.Utils - [Utils] MethodGroupsHelper.collectMethodsByGroup() took 0 ms.
08:20:46.947 [main] INFO  org.testng.internal.Utils - [Utils] MethodGroupsHelper.sortMethods() took 0 ms.
08:20:46.948 [main] INFO  org.testng.internal.Utils - [Utils] MethodGroupsHelper.collectMethodsByGroup() took 0 ms.
08:20:46.948 [main] INFO  org.testng.internal.Utils - [Utils] MethodGroupsHelper.sortMethods() took 0 ms.
08:20:46.949 [main] INFO  org.testng.internal.Utils - [Utils] MethodGroupsHelper.collectMethodsByGroup() took 0 ms.
08:20:46.949 [main] INFO  org.testng.internal.Utils - [Utils] MethodGroupsHelper.sortMethods() took 0 ms.
08:20:46.950 [main] INFO  org.testng.internal.Utils - [Utils] MethodGroupsHelper.collectMethodsByGroup() took 0 ms.
08:20:46.951 [main] INFO  org.testng.internal.Utils - [Utils] MethodGroupsHelper.sortMethods() took 0 ms.
08:20:46.952 [main] INFO  org.testng.internal.Utils - [Utils] MethodGroupsHelper.collectMethodsByGroup() took 0 ms.
08:20:46.952 [main] INFO  org.testng.internal.Utils - [Utils] MethodGroupsHelper.sortMethods() took 0 ms.
08:20:46.971 [main] INFO  org.testng.internal.Utils - [Utils] MethodGroupsHelper.collectMethodsByGroup() took 11 ms.
08:20:46.991 [main] INFO  org.testng.internal.Utils - [Utils] MethodGroupsHelper.sortMethods() took 18 ms.
08:20:46.993 [main] INFO  org.testng.internal.Utils - [Utils] MethodGroupsHelper.collectMethodsByGroup() took 0 ms.
08:20:46.994 [main] INFO  org.testng.internal.Utils - [Utils] MethodGroupsHelper.sortMethods() took 1 ms.
08:20:47.000 [main] INFO  org.testng.internal.Utils - [Utils] MethodGroupsHelper.collectMethodsByGroup() took 0 ms.
08:20:47.001 [main] INFO  org.testng.internal.Utils - [Utils] MethodGroupsHelper.sortMethods() took 0 ms.
08:20:47.001 [main] INFO  org.testng.internal.Utils - [Utils] MethodGroupsHelper.collectMethodsByGroup() took 0 ms.
08:20:47.001 [main] INFO  org.testng.internal.Utils - [Utils] MethodGroupsHelper.sortMethods() took 0 ms.
08:20:47.002 [main] INFO  org.testng.internal.Utils - [Utils] MethodGroupsHelper.collectMethodsByGroup() took 0 ms.
08:20:47.003 [main] INFO  org.testng.internal.Utils - [Utils] MethodGroupsHelper.sortMethods() took 0 ms.
08:20:47.005 [main] INFO  org.testng.internal.Utils - [Utils] MethodGroupsHelper.collectMethodsByGroup() took 0 ms.
08:20:47.005 [main] INFO  org.testng.internal.Utils - [Utils] MethodGroupsHelper.sortMethods() took 0 ms.
08:20:47.005 [main] INFO  org.testng.internal.Utils - [Utils] MethodGroupsHelper.collectMethodsByGroup() took 0 ms.
08:20:47.005 [main] INFO  org.testng.internal.Utils - [Utils] MethodGroupsHelper.sortMethods() took 0 ms.
08:20:47.018 [main] INFO  org.testng.internal.Utils - [TestNG] Running:
  C:\Users\User\AppData\Local\Temp\testng-eclipse--695506059\testng-customsuite.xml

08:20:47.060 [main] INFO  org.testng.internal.Utils - [Utils] DynamicGraphHelper.createDynamicGraph() took 9 ms.
08:20:55.199 [main] INFO  org.testng.internal.Utils - [TestNG] Time taken by org.testng.reporters.jq.Main@108bdbd8: 147 ms
08:20:55.220 [main] INFO  org.testng.internal.Utils - [TestNG] Time taken by org.testng.reporters.FailedReporter@5c748168: 21 ms
08:20:55.237 [main] INFO  org.testng.internal.Utils - [TestNG] Time taken by org.testng.reporters.XMLReporter@68dcfd52: 17 ms
08:20:55.252 [main] INFO  org.testng.internal.Utils - [TestNG] Time taken by org.testng.reporters.EmailableReporter2@3a2b2322: 14 ms
08:20:55.274 [main] INFO  org.testng.internal.Utils - [TestNG] Time taken by org.testng.reporters.JUnitReportReporter@7428de63: 22 ms
08:20:55.275 [main] INFO  org.testng.internal.Utils - [TestNG] Time taken by org.testng.internal.ExitCodeListener@66f659e6: 0 ms
08:22:49.051 [main] DEBUG org.testng.TestNG - suiteXmlPath: "C:\Users\User\eclipse-workspace\HR_Management_System\src\test\resources\testng.xml"
08:22:49.090 [main] WARN  org.testng.xml.TestNGContentHandler - It is strongly recommended to add "<!DOCTYPE suite SYSTEM "https://testng.org/testng-1.1.dtd" >" at the top of the suite file [C:\Users\User\eclipse-workspace\HR_Management_System\src\test\resources\testng.xml] otherwise TestNG may fail or not work as expected.
08:22:49.607 [main] INFO  org.testng.internal.Utils - [TestNG] Running:
  C:\Users\User\eclipse-workspace\HR_Management_System\src\test\resources\testng.xml

08:36:45.365 [main] DEBUG org.testng.TestNG - suiteXmlPath: "C:\Users\User\eclipse-workspace\HR_Management_System\src\test\resources\testng.xml"
08:36:45.423 [main] WARN  org.testng.xml.TestNGContentHandler - It is strongly recommended to add "<!DOCTYPE suite SYSTEM "https://testng.org/testng-1.1.dtd" >" at the top of the suite file [C:\Users\User\eclipse-workspace\HR_Management_System\src\test\resources\testng.xml] otherwise TestNG may fail or not work as expected.
08:36:45.888 [main] INFO  org.testng.internal.Utils - [TestNG] Running:
  C:\Users\User\eclipse-workspace\HR_Management_System\src\test\resources\testng.xml

08:42:41.907 [main] DEBUG org.testng.TestNG - suiteXmlPath: "C:\Users\User\eclipse-workspace\HR_Management_System\src\test\resources\testng.xml"
08:42:41.932 [main] WARN  org.testng.xml.TestNGContentHandler - It is strongly recommended to add "<!DOCTYPE suite SYSTEM "https://testng.org/testng-1.1.dtd" >" at the top of the suite file [C:\Users\User\eclipse-workspace\HR_Management_System\src\test\resources\testng.xml] otherwise TestNG may fail or not work as expected.
08:42:42.309 [main] INFO  org.testng.internal.Utils - [TestNG] Running:
  C:\Users\User\eclipse-workspace\HR_Management_System\src\test\resources\testng.xml

08:43:12.267 [main] DEBUG org.testng.TestNG - suiteXmlPath: "C:\Users\User\eclipse-workspace\HR_Management_System\src\test\resources\testng.xml"
08:43:12.302 [main] WARN  org.testng.xml.TestNGContentHandler - It is strongly recommended to add "<!DOCTYPE suite SYSTEM "https://testng.org/testng-1.1.dtd" >" at the top of the suite file [C:\Users\User\eclipse-workspace\HR_Management_System\src\test\resources\testng.xml] otherwise TestNG may fail or not work as expected.
08:43:12.688 [main] INFO  org.testng.internal.Utils - [TestNG] Running:
  C:\Users\User\eclipse-workspace\HR_Management_System\src\test\resources\testng.xml

08:59:05.649 [main] DEBUG org.testng.TestNG - suiteXmlPath: "C:\Users\User\eclipse-workspace\HR_Management_System\src\test\resources\testng.xml"
08:59:05.683 [main] WARN  org.testng.xml.TestNGContentHandler - It is strongly recommended to add "<!DOCTYPE suite SYSTEM "https://testng.org/testng-1.1.dtd" >" at the top of the suite file [C:\Users\User\eclipse-workspace\HR_Management_System\src\test\resources\testng.xml] otherwise TestNG may fail or not work as expected.
08:59:06.175 [main] INFO  org.testng.internal.Utils - [TestNG] Running:
  C:\Users\User\eclipse-workspace\HR_Management_System\src\test\resources\testng.xml

08:59:53.092 [main] DEBUG org.testng.TestNG - suiteXmlPath: "C:\Users\User\eclipse-workspace\HR_Management_System\src\test\resources\testng.xml"
08:59:53.129 [main] WARN  org.testng.xml.TestNGContentHandler - It is strongly recommended to add "<!DOCTYPE suite SYSTEM "https://testng.org/testng-1.1.dtd" >" at the top of the suite file [C:\Users\User\eclipse-workspace\HR_Management_System\src\test\resources\testng.xml] otherwise TestNG may fail or not work as expected.
08:59:53.546 [main] INFO  org.testng.internal.Utils - [TestNG] Running:
  C:\Users\User\eclipse-workspace\HR_Management_System\src\test\resources\testng.xml

09:01:29.527 [main] DEBUG org.testng.TestNG - suiteXmlPath: "C:\Users\User\eclipse-workspace\HR_Management_System\src\test\resources\testng.xml"
09:01:29.559 [main] WARN  org.testng.xml.TestNGContentHandler - It is strongly recommended to add "<!DOCTYPE suite SYSTEM "https://testng.org/testng-1.1.dtd" >" at the top of the suite file [C:\Users\User\eclipse-workspace\HR_Management_System\src\test\resources\testng.xml] otherwise TestNG may fail or not work as expected.
09:01:29.968 [main] INFO  org.testng.internal.Utils - [TestNG] Running:
  C:\Users\User\eclipse-workspace\HR_Management_System\src\test\resources\testng.xml

16:35:36.034 [main] DEBUG org.testng.TestNG - suiteXmlPath: "C:\Users\User\eclipse-workspace\HR_Management_System\src\test\resources\testng.xml"
16:35:36.063 [main] WARN  org.testng.xml.TestNGContentHandler - It is strongly recommended to add "<!DOCTYPE suite SYSTEM "https://testng.org/testng-1.1.dtd" >" at the top of the suite file [C:\Users\User\eclipse-workspace\HR_Management_System\src\test\resources\testng.xml] otherwise TestNG may fail or not work as expected.
16:35:36.498 [main] INFO  org.testng.internal.Utils - [TestNG] Running:
  C:\Users\User\eclipse-workspace\HR_Management_System\src\test\resources\testng.xml

08:09:05.315 [main] DEBUG org.testng.TestNG - suiteXmlPath: "C:\Users\User\eclipse-workspace\HR_Management_System\src\test\resources\testng.xml"
08:09:05.378 [main] WARN  org.testng.xml.TestNGContentHandler - It is strongly recommended to add "<!DOCTYPE suite SYSTEM "https://testng.org/testng-1.1.dtd" >" at the top of the suite file [C:\Users\User\eclipse-workspace\HR_Management_System\src\test\resources\testng.xml] otherwise TestNG may fail or not work as expected.
08:09:06.034 [main] INFO  org.testng.internal.Utils - [TestNG] Running:
  C:\Users\User\eclipse-workspace\HR_Management_System\src\test\resources\testng.xml

08:13:19.095 [main] DEBUG org.testng.TestNG - suiteXmlPath: "C:\Users\User\eclipse-workspace\HR_Management_System\src\test\resources\testng.xml"
08:13:19.123 [main] WARN  org.testng.xml.TestNGContentHandler - It is strongly recommended to add "<!DOCTYPE suite SYSTEM "https://testng.org/testng-1.1.dtd" >" at the top of the suite file [C:\Users\User\eclipse-workspace\HR_Management_System\src\test\resources\testng.xml] otherwise TestNG may fail or not work as expected.
08:13:19.570 [main] INFO  org.testng.internal.Utils - [TestNG] Running:
  C:\Users\User\eclipse-workspace\HR_Management_System\src\test\resources\testng.xml

08:19:42.303 [main] DEBUG org.testng.TestNG - suiteXmlPath: "C:\Users\User\eclipse-workspace\HR_Management_System\src\test\resources\testng.xml"
08:19:42.331 [main] WARN  org.testng.xml.TestNGContentHandler - It is strongly recommended to add "<!DOCTYPE suite SYSTEM "https://testng.org/testng-1.1.dtd" >" at the top of the suite file [C:\Users\User\eclipse-workspace\HR_Management_System\src\test\resources\testng.xml] otherwise TestNG may fail or not work as expected.
08:19:42.759 [main] INFO  org.testng.internal.Utils - [TestNG] Running:
  C:\Users\User\eclipse-workspace\HR_Management_System\src\test\resources\testng.xml

08:21:26.453 [main] DEBUG org.testng.TestNG - suiteXmlPath: "C:\Users\User\eclipse-workspace\HR_Management_System\src\test\resources\testng.xml"
08:21:26.482 [main] WARN  org.testng.xml.TestNGContentHandler - It is strongly recommended to add "<!DOCTYPE suite SYSTEM "https://testng.org/testng-1.1.dtd" >" at the top of the suite file [C:\Users\User\eclipse-workspace\HR_Management_System\src\test\resources\testng.xml] otherwise TestNG may fail or not work as expected.
08:21:26.910 [main] INFO  org.testng.internal.Utils - [TestNG] Running:
  C:\Users\User\eclipse-workspace\HR_Management_System\src\test\resources\testng.xml

08:26:57.942 [main] DEBUG org.testng.TestNG - suiteXmlPath: "C:\Users\User\eclipse-workspace\HR_Management_System\src\test\resources\testng.xml"
08:26:57.995 [main] WARN  org.testng.xml.TestNGContentHandler - It is strongly recommended to add "<!DOCTYPE suite SYSTEM "https://testng.org/testng-1.1.dtd" >" at the top of the suite file [C:\Users\User\eclipse-workspace\HR_Management_System\src\test\resources\testng.xml] otherwise TestNG may fail or not work as expected.
08:26:58.589 [main] INFO  org.testng.internal.Utils - [TestNG] Running:
  C:\Users\User\eclipse-workspace\HR_Management_System\src\test\resources\testng.xml

08:31:24.038 [main] DEBUG org.testng.TestNG - suiteXmlPath: "C:\Users\User\AppData\Local\Temp\testng-eclipse--1280909375\testng-customsuite.xml"
08:31:24.377 [main] INFO  org.testng.internal.Utils - [Utils] MethodGroupsHelper.collectMethodsByGroup() took 10 ms.
08:31:24.392 [main] INFO  org.testng.internal.Utils - [Utils] MethodGroupsHelper.sortMethods() took 12 ms.
08:31:24.395 [main] INFO  org.testng.internal.Utils - [Utils] MethodGroupsHelper.collectMethodsByGroup() took 0 ms.
08:31:24.395 [main] INFO  org.testng.internal.Utils - [Utils] MethodGroupsHelper.sortMethods() took 0 ms.
08:31:24.397 [main] INFO  org.testng.internal.Utils - [Utils] MethodGroupsHelper.collectMethodsByGroup() took 0 ms.
08:31:24.397 [main] INFO  org.testng.internal.Utils - [Utils] MethodGroupsHelper.sortMethods() took 0 ms.
08:31:24.399 [main] INFO  org.testng.internal.Utils - [Utils] MethodGroupsHelper.collectMethodsByGroup() took 0 ms.
08:31:24.399 [main] INFO  org.testng.internal.Utils - [Utils] MethodGroupsHelper.sortMethods() took 0 ms.
08:31:24.401 [main] INFO  org.testng.internal.Utils - [Utils] MethodGroupsHelper.collectMethodsByGroup() took 0 ms.
08:31:24.402 [main] INFO  org.testng.internal.Utils - [Utils] MethodGroupsHelper.sortMethods() took 0 ms.
08:31:24.403 [main] INFO  org.testng.internal.Utils - [Utils] MethodGroupsHelper.collectMethodsByGroup() took 0 ms.
08:31:24.404 [main] INFO  org.testng.internal.Utils - [Utils] MethodGroupsHelper.sortMethods() took 0 ms.
08:31:24.405 [main] INFO  org.testng.internal.Utils - [Utils] MethodGroupsHelper.collectMethodsByGroup() took 0 ms.
08:31:24.406 [main] INFO  org.testng.internal.Utils - [Utils] MethodGroupsHelper.sortMethods() took 0 ms.
08:31:24.407 [main] INFO  org.testng.internal.Utils - [Utils] MethodGroupsHelper.collectMethodsByGroup() took 0 ms.
08:31:24.407 [main] INFO  org.testng.internal.Utils - [Utils] MethodGroupsHelper.sortMethods() took 0 ms.
08:31:24.410 [main] INFO  org.testng.internal.Utils - [Utils] MethodGroupsHelper.collectMethodsByGroup() took 0 ms.
08:31:24.423 [main] INFO  org.testng.internal.Utils - [Utils] MethodGroupsHelper.sortMethods() took 13 ms.
08:31:24.426 [main] INFO  org.testng.internal.Utils - [Utils] MethodGroupsHelper.collectMethodsByGroup() took 0 ms.
08:31:24.427 [main] INFO  org.testng.internal.Utils - [Utils] MethodGroupsHelper.sortMethods() took 1 ms.
08:31:24.433 [main] INFO  org.testng.internal.Utils - [Utils] MethodGroupsHelper.collectMethodsByGroup() took 1 ms.
08:31:24.434 [main] INFO  org.testng.internal.Utils - [Utils] MethodGroupsHelper.sortMethods() took 0 ms.
08:31:24.434 [main] INFO  org.testng.internal.Utils - [Utils] MethodGroupsHelper.collectMethodsByGroup() took 0 ms.
08:31:24.435 [main] INFO  org.testng.internal.Utils - [Utils] MethodGroupsHelper.sortMethods() took 0 ms.
08:31:24.436 [main] INFO  org.testng.internal.Utils - [Utils] MethodGroupsHelper.collectMethodsByGroup() took 0 ms.
08:31:24.437 [main] INFO  org.testng.internal.Utils - [Utils] MethodGroupsHelper.sortMethods() took 0 ms.
08:31:24.440 [main] INFO  org.testng.internal.Utils - [Utils] MethodGroupsHelper.collectMethodsByGroup() took 0 ms.
08:31:24.440 [main] INFO  org.testng.internal.Utils - [Utils] MethodGroupsHelper.sortMethods() took 0 ms.
08:31:24.440 [main] INFO  org.testng.internal.Utils - [Utils] MethodGroupsHelper.collectMethodsByGroup() took 0 ms.
08:31:24.440 [main] INFO  org.testng.internal.Utils - [Utils] MethodGroupsHelper.sortMethods() took 0 ms.
08:31:24.456 [main] INFO  org.testng.internal.Utils - [TestNG] Running:
  C:\Users\User\AppData\Local\Temp\testng-eclipse--1280909375\testng-customsuite.xml

08:31:24.512 [main] INFO  org.testng.internal.Utils - [Utils] DynamicGraphHelper.createDynamicGraph() took 6 ms.
08:31:36.589 [main] INFO  org.testng.internal.Utils - [TestNG] Time taken by org.testng.reporters.jq.Main@12b5454f: 129 ms
08:31:36.590 [main] INFO  org.testng.internal.Utils - [TestNG] Time taken by org.testng.reporters.FailedReporter@5445f5ba: 1 ms
08:31:36.605 [main] INFO  org.testng.internal.Utils - [TestNG] Time taken by org.testng.reporters.XMLReporter@58e85c6f: 15 ms
08:31:36.616 [main] INFO  org.testng.internal.Utils - [TestNG] Time taken by org.testng.reporters.EmailableReporter2@7a1f8def: 11 ms
08:31:36.629 [main] INFO  org.testng.internal.Utils - [TestNG] Time taken by org.testng.reporters.JUnitReportReporter@37ce3644: 11 ms
08:31:36.629 [main] INFO  org.testng.internal.Utils - [TestNG] Time taken by org.testng.internal.ExitCodeListener@4b869331: 0 ms
08:31:49.208 [main] DEBUG org.testng.TestNG - suiteXmlPath: "C:\Users\User\eclipse-workspace\HR_Management_System\src\test\resources\testng.xml"
08:31:49.237 [main] WARN  org.testng.xml.TestNGContentHandler - It is strongly recommended to add "<!DOCTYPE suite SYSTEM "https://testng.org/testng-1.1.dtd" >" at the top of the suite file [C:\Users\User\eclipse-workspace\HR_Management_System\src\test\resources\testng.xml] otherwise TestNG may fail or not work as expected.
08:31:49.678 [main] INFO  org.testng.internal.Utils - [TestNG] Running:
  C:\Users\User\eclipse-workspace\HR_Management_System\src\test\resources\testng.xml

06:38:43.594 [main] DEBUG org.testng.TestNG - suiteXmlPath: "C:\Users\User\eclipse-workspace\HR_Management_System\src\test\resources\testng.xml"
06:38:43.642 [main] WARN  org.testng.xml.TestNGContentHandler - It is strongly recommended to add "<!DOCTYPE suite SYSTEM "https://testng.org/testng-1.1.dtd" >" at the top of the suite file [C:\Users\User\eclipse-workspace\HR_Management_System\src\test\resources\testng.xml] otherwise TestNG may fail or not work as expected.
06:38:44.169 [main] INFO  org.testng.internal.Utils - [TestNG] Running:
  C:\Users\User\eclipse-workspace\HR_Management_System\src\test\resources\testng.xml

13:50:31.292 [main] DEBUG org.testng.TestNG - suiteXmlPath: "C:\Users\User\eclipse-workspace\HR_Management_System\src\test\resources\testng.xml"
13:50:31.340 [main] WARN  org.testng.xml.TestNGContentHandler - It is strongly recommended to add "<!DOCTYPE suite SYSTEM "https://testng.org/testng-1.1.dtd" >" at the top of the suite file [C:\Users\User\eclipse-workspace\HR_Management_System\src\test\resources\testng.xml] otherwise TestNG may fail or not work as expected.
13:50:31.880 [main] INFO  org.testng.internal.Utils - [TestNG] Running:
  C:\Users\User\eclipse-workspace\HR_Management_System\src\test\resources\testng.xml

14:02:57.777 [main] DEBUG org.testng.TestNG - suiteXmlPath: "C:\Users\User\eclipse-workspace\HR_Management_System\src\test\resources\testng.xml"
14:02:57.802 [main] WARN  org.testng.xml.TestNGContentHandler - It is strongly recommended to add "<!DOCTYPE suite SYSTEM "https://testng.org/testng-1.1.dtd" >" at the top of the suite file [C:\Users\User\eclipse-workspace\HR_Management_System\src\test\resources\testng.xml] otherwise TestNG may fail or not work as expected.
14:02:58.275 [main] INFO  org.testng.internal.Utils - [TestNG] Running:
  C:\Users\User\eclipse-workspace\HR_Management_System\src\test\resources\testng.xml

14:04:30.138 [main] DEBUG org.testng.TestNG - suiteXmlPath: "C:\Users\User\eclipse-workspace\HR_Management_System\src\test\resources\testng.xml"
14:04:30.163 [main] WARN  org.testng.xml.TestNGContentHandler - It is strongly recommended to add "<!DOCTYPE suite SYSTEM "https://testng.org/testng-1.1.dtd" >" at the top of the suite file [C:\Users\User\eclipse-workspace\HR_Management_System\src\test\resources\testng.xml] otherwise TestNG may fail or not work as expected.
14:04:30.624 [main] INFO  org.testng.internal.Utils - [TestNG] Running:
  C:\Users\User\eclipse-workspace\HR_Management_System\src\test\resources\testng.xml

14:34:08.233 [main] DEBUG org.testng.TestNG - suiteXmlPath: "C:\Users\User\eclipse-workspace\HR_Management_System\src\test\resources\testng.xml"
14:34:08.260 [main] WARN  org.testng.xml.TestNGContentHandler - It is strongly recommended to add "<!DOCTYPE suite SYSTEM "https://testng.org/testng-1.1.dtd" >" at the top of the suite file [C:\Users\User\eclipse-workspace\HR_Management_System\src\test\resources\testng.xml] otherwise TestNG may fail or not work as expected.
14:34:08.745 [main] INFO  org.testng.internal.Utils - [TestNG] Running:
  C:\Users\User\eclipse-workspace\HR_Management_System\src\test\resources\testng.xml

14:40:59.738 [main] DEBUG org.testng.TestNG - suiteXmlPath: "C:\Users\User\eclipse-workspace\HR_Management_System\src\test\resources\testng.xml"
14:40:59.770 [main] WARN  org.testng.xml.TestNGContentHandler - It is strongly recommended to add "<!DOCTYPE suite SYSTEM "https://testng.org/testng-1.1.dtd" >" at the top of the suite file [C:\Users\User\eclipse-workspace\HR_Management_System\src\test\resources\testng.xml] otherwise TestNG may fail or not work as expected.
14:41:00.244 [main] INFO  org.testng.internal.Utils - [TestNG] Running:
  C:\Users\User\eclipse-workspace\HR_Management_System\src\test\resources\testng.xml

12:47:02.370 [main] DEBUG org.testng.TestNG - suiteXmlPath: "C:\Users\User\eclipse-workspace\HR_Management_System\src\test\resources\testng.xml"
12:47:02.404 [main] WARN  org.testng.xml.TestNGContentHandler - It is strongly recommended to add "<!DOCTYPE suite SYSTEM "https://testng.org/testng-1.1.dtd" >" at the top of the suite file [C:\Users\User\eclipse-workspace\HR_Management_System\src\test\resources\testng.xml] otherwise TestNG may fail or not work as expected.
12:47:02.911 [main] INFO  org.testng.internal.Utils - [TestNG] Running:
  C:\Users\User\eclipse-workspace\HR_Management_System\src\test\resources\testng.xml

